<?xml version="1.0" encoding="UTF-8"?>
  <testsuite name="BddJx Suite" tests="1" failures="1" errors="0" time="759.055">
      <testcase name="quickstart aspnet-app Creates an app" classname="BddJx Suite" time="0">
          <skipped></skipped>
      </testcase>
      <testcase name="quickstart golang-http&#xA; Given valid parameters when operating on the quickstart creates a golang-http quickstart and promotes it to staging&#xA;" classname="BddJx Suite" time="0">
          <skipped></skipped>
      </testcase>
      <testcase name="quickstart golang-http&#xA; Given invalid parameters when -p param (project name) is missing exits with signal 1&#xA;" classname="BddJx Suite" time="0">
          <skipped></skipped>
      </testcase>
      <testcase name="quickstart golang-http&#xA; Given invalid parameters when -f param (filter) does not match any quickstart exits with signal 1&#xA;" classname="BddJx Suite" time="0">
          <skipped></skipped>
      </testcase>
      <testcase name="quickstart python-http&#xA; Given valid parameters when operating on the quickstart creates a python-http quickstart and promotes it to staging&#xA;" classname="BddJx Suite" time="0">
          <skipped></skipped>
      </testcase>
      <testcase name="quickstart python-http&#xA; Given invalid parameters when -p param (project name) is missing exits with signal 1&#xA;" classname="BddJx Suite" time="0">
          <skipped></skipped>
      </testcase>
      <testcase name="quickstart python-http&#xA; Given invalid parameters when -f param (filter) does not match any quickstart exits with signal 1&#xA;" classname="BddJx Suite" time="0">
          <skipped></skipped>
      </testcase>
      <testcase name="quickstart rust-http&#xA; Given valid parameters when operating on the quickstart creates a rust-http quickstart and promotes it to staging&#xA;" classname="BddJx Suite" time="0">
          <skipped></skipped>
      </testcase>
      <testcase name="quickstart rust-http&#xA; Given invalid parameters when -p param (project name) is missing exits with signal 1&#xA;" classname="BddJx Suite" time="0">
          <skipped></skipped>
      </testcase>
      <testcase name="quickstart rust-http&#xA; Given invalid parameters when -f param (filter) does not match any quickstart exits with signal 1&#xA;" classname="BddJx Suite" time="0">
          <skipped></skipped>
      </testcase>
      <testcase name="create spring&#xA; Given valid parameters when running jx create spring creates a spring application and promotes it to staging&#xA;" classname="BddJx Suite" time="759.023562264">
          <failure type="Failure">/workspace/go/src/github.com/jenkins-x/bdd-jx/jx_create_spring.go:32&#xA;No future change is possible.  Bailing out early after 0.000s.&#xA;Expected&#xA;    &lt;int&gt;: 1&#xA;to match exit code:&#xA;    &lt;int&gt;: 0&#xA;/workspace/go/src/github.com/jenkins-x/bdd-jx/jx_create_spring.go:69</failure>
          <system-out>      Using Git provider URL https://github.beescloud.com&#xA;      about to run command: �[32mjx create spring -b --org jenkins-x-tests --artifact bdd-spring-1547895385 --name bdd-spring-1547895385 -d web -d actuator --git-provider-url https://github.beescloud.com�[0m&#xA;Created Spring Boot project at /private/var/folders/3v/894jjhy52xdbc1hml4dc6s1m0000gn/T/bdd-415096265/bdd-spring-1547895385&#xA;&#xA;Git repository created&#xA;selected pack: /Users/jstrachan/.jx/draft/packs/github.com/jenkins-x-buildpacks/jenkins-x-kubernetes/packs/maven&#xA;replacing placeholders in directory /private/var/folders/3v/894jjhy52xdbc1hml4dc6s1m0000gn/T/bdd-415096265/bdd-spring-1547895385&#xA;app name: bdd-spring-1547895385, git server: github.beescloud.com, org: jenkins-x-tests, Docker registry org: jenkins-x-tests&#xA;skipping directory &#34;/private/var/folders/3v/894jjhy52xdbc1hml4dc6s1m0000gn/T/bdd-415096265/bdd-spring-1547895385/.git&#34;&#xA;Using Git provider GHE at https://github.beescloud.com&#xA;&#xA;&#xA;About to create repository bdd-spring-1547895385 on server https://github.beescloud.com with user dev1&#xA;&#xA;&#xA;Creating repository jenkins-x-tests/bdd-spring-1547895385&#xA;Pushed Git repository to https://github.beescloud.com/jenkins-x-tests/bdd-spring-1547895385&#xA;&#xA;Created Jenkins Project: http://jenkins.jx.146.148.19.5.nip.io/job/jenkins-x-tests/job/bdd-spring-1547895385/&#xA;&#xA;Watch pipeline activity via:    jx get activity -f bdd-spring-1547895385 -w&#xA;Browse the pipeline log via:    jx get build logs jenkins-x-tests/bdd-spring-1547895385/master&#xA;Open the Jenkins console via    jx console&#xA;You can list the pipelines via: jx get pipelines&#xA;When the pipeline is complete:  jx get applications&#xA;&#xA;For more help on available commands see: https://jenkins-x.io/developing/browsing/&#xA;&#xA;Note that your first pipeline may take a few minutes to start while the necessary images get downloaded!&#xA;&#xA;Creating GitHub webhook for jenkins-x-tests/bdd-spring-1547895385 for url http://jenkins.jx.146.148.19.5.nip.io/github-webhook/&#xA;      Checking that there is a job built successfully for jenkins-x-tests/bdd-spring-1547895385/master&#xA;view the log at: http://jenkins.jx.146.148.19.5.nip.io/job/jenkins-x-tests/job/bdd-spring-1547895385/job/master/1/console&#xA;tailing the log of jenkins-x-tests/bdd-spring-1547895385/master #1&#xA;Branch indexing&#xD;&#xA;Connecting to https://github.beescloud.com/api/v3 using dev1/****** (API Token for acccessing https://github.beescloud.com Git service inside pipelines)&#xD;&#xA;Obtained Jenkinsfile from f8d651713909c1e413920537a3e19d5e72a851f1&#xD;&#xA;Running in Durability level: MAX_SURVIVABILITY&#xD;&#xA;[Pipeline] node&#xD;&#xA;Still waiting to schedule task&#xD;&#xA;Waiting for next available executor on ‘maven-x3szv’&#xD;&#xA;Agent maven-kcjpb is provisioned from template Kubernetes Pod Template&#xD;&#xA;Agent specification [Kubernetes Pod Template] (jenkins-maven): &#xD;&#xA;* [jnlp] jenkinsci/jnlp-slave:3.26-1-alpine(resourceRequestCpu: 100m, resourceRequestMemory: 128Mi)&#xD;&#xA;* [maven] jenkinsxio/builder-maven:0.1.185(resourceRequestCpu: 400m, resourceRequestMemory: 512Mi, resourceLimitCpu: 1, resourceLimitMemory: 1024Mi)&#xD;&#xA;&#xD;&#xA;Running on maven-kcjpb in /home/jenkins/workspace/sts_bdd-spring-1547895385_master&#xD;&#xA;[Pipeline] {&#xD;&#xA;[Pipeline] stage&#xD;&#xA;[Pipeline] { (Declarative: Checkout SCM)&#xD;&#xA;[Pipeline] checkout&#xD;&#xA;Cloning the remote Git repository&#xD;&#xA;Cloning with configured refspecs honoured and without tags&#xD;&#xA;Cloning repository https://github.beescloud.com/jenkins-x-tests/bdd-spring-1547895385.git&#xD;&#xA; &gt; git init /home/jenkins/workspace/sts_bdd-spring-1547895385_master # timeout=10&#xD;&#xA;Fetching upstream changes from https://github.beescloud.com/jenkins-x-tests/bdd-spring-1547895385.git&#xD;&#xA; &gt; git --version # timeout=10&#xD;&#xA;using GIT_ASKPASS to set credentials API Token for acccessing https://github.beescloud.com Git service inside pipelines&#xD;&#xA; &gt; git fetch --no-tags --progress https://github.beescloud.com/jenkins-x-tests/bdd-spring-1547895385.git +refs/heads/master:refs/remotes/origin/master&#xD;&#xA;Fetching without tags&#xD;&#xA;Checking out Revision f8d651713909c1e413920537a3e19d5e72a851f1 (master)&#xD;&#xA; &gt; git config remote.origin.url https://github.beescloud.com/jenkins-x-tests/bdd-spring-1547895385.git # timeout=10&#xD;&#xA; &gt; git config --add remote.origin.fetch +refs/heads/master:refs/remotes/origin/master # timeout=10&#xD;&#xA; &gt; git config remote.origin.url https://github.beescloud.com/jenkins-x-tests/bdd-spring-1547895385.git # timeout=10&#xD;&#xA;Fetching upstream changes from https://github.beescloud.com/jenkins-x-tests/bdd-spring-1547895385.git&#xD;&#xA;using GIT_ASKPASS to set credentials API Token for acccessing https://github.beescloud.com Git service inside pipelines&#xD;&#xA; &gt; git fetch --no-tags --progress https://github.beescloud.com/jenkins-x-tests/bdd-spring-1547895385.git +refs/heads/master:refs/remotes/origin/master&#xD;&#xA; &gt; git config core.sparsecheckout # timeout=10&#xD;&#xA; &gt; git checkout -f f8d651713909c1e413920537a3e19d5e72a851f1&#xD;&#xA;Commit message: &#34;fix:(plugins) use a better version of maven plugins&#34;&#xD;&#xA;First time build. Skipping changelog.&#xD;&#xA;[Pipeline] }&#xD;&#xA;[Pipeline] // stage&#xD;&#xA;[Pipeline] withEnv&#xD;&#xA;[Pipeline] {&#xD;&#xA;[Pipeline] withCredentials&#xD;&#xA;[Pipeline] {&#xD;&#xA;[Pipeline] withEnv&#xD;&#xA;[Pipeline] {&#xD;&#xA;[Pipeline] stage&#xD;&#xA;[Pipeline] { (CI Build and push snapshot)&#xD;&#xA;Stage &#34;CI Build and push snapshot&#34; skipped due to when conditional&#xD;&#xA;[Pipeline] }&#xD;&#xA;[Pipeline] // stage&#xD;&#xA;[Pipeline] stage&#xD;&#xA;[Pipeline] { (Build Release)&#xD;&#xA;[Pipeline] container&#xD;&#xA;[Pipeline] {&#xD;&#xA;[Pipeline] sh&#xD;&#xA;+ git checkout master&#xD;&#xA;Switched to a new branch &#39;master&#39;&#xD;&#xA;Branch master set up to track remote branch master from origin.&#xD;&#xA;[Pipeline] sh&#xD;&#xA;+ git config --global credential.helper store&#xD;&#xA;[Pipeline] sh&#xD;&#xA;+ jx step git credentials&#xD;&#xA;Generated Git credentials file /home/jenkins/git/credentials&#xD;&#xA;[Pipeline] sh&#xD;&#xA;++ jx-release-version&#xD;&#xA;+ echo 0.0.1&#xD;&#xA;[Pipeline] sh&#xD;&#xA;++ cat VERSION&#xD;&#xA;+ mvn versions:set -DnewVersion=0.0.1&#xD;&#xA;Picked up _JAVA_OPTIONS: -XX:+UnlockExperimentalVMOptions -XX:+UseCGroupMemoryLimitForHeap -Dsun.zip.disableMemoryMapping=true -XX:+UseParallelGC -XX:MinHeapFreeRatio=5 -XX:MaxHeapFreeRatio=10 -XX:GCTimeRatio=4 -XX:AdaptiveSizePolicyWeight=90 -Xms10m -Xmx192m&#xD;&#xA;OpenJDK 64-Bit Server VM warning: If the number of processors is expected to increase from one, then you should configure the number of parallel GC threads appropriately using -XX:ParallelGCThreads=N&#xD;&#xA;[INFO] Scanning for projects...&#xD;&#xA;[INFO] Downloading from nexus: http://nexus/repository/maven-group/org/springframework/boot/spring-boot-starter-parent/2.1.2.RELEASE/spring-boot-starter-parent-2.1.2.RELEASE.pom&#xD;&#xA;[INFO] Downloaded from nexus: http://nexus/repository/maven-group/org/springframework/boot/spring-boot-starter-parent/2.1.2.RELEASE/spring-boot-starter-parent-2.1.2.RELEASE.pom (12 kB at 14 kB/s)&#xD;&#xA;[INFO] Downloading from nexus: http://nexus/repository/maven-group/org/springframework/boot/spring-boot-dependencies/2.1.2.RELEASE/spring-boot-dependencies-2.1.2.RELEASE.pom&#xD;&#xA;[INFO] Downloaded from nexus: http://nexus/repository/maven-group/org/springframework/boot/spring-boot-dependencies/2.1.2.RELEASE/spring-boot-dependencies-2.1.2.RELEASE.pom (143 kB at 600 kB/s)&#xD;&#xA;[INFO] Downloading from nexus: http://nexus/repository/maven-group/com/fasterxml/jackson/jackson-bom/2.9.8/jackson-bom-2.9.8.pom&#xD;&#xA;[INFO] Downloaded from nexus: http://nexus/repository/maven-group/com/fasterxml/jackson/jackson-bom/2.9.8/jackson-bom-2.9.8.pom (12 kB at 104 kB/s)&#xD;&#xA;[INFO] Downloading from nexus: http://nexus/repository/maven-group/com/fasterxml/jackson/jackson-parent/2.9.1.2/jackson-parent-2.9.1.2.pom&#xD;&#xA;[INFO] Downloaded from nexus: http://nexus/repository/maven-group/com/fasterxml/jackson/jackson-parent/2.9.1.2/jackson-parent-2.9.1.2.pom (7.9 kB at 39 kB/s)&#xD;&#xA;[INFO] Downloading from nexus: http://nexus/repository/maven-group/com/fasterxml/oss-parent/34/oss-parent-34.pom&#xD;&#xA;[INFO] Downloaded from nexus: http://nexus/repository/maven-group/com/fasterxml/oss-parent/34/oss-parent-34.pom (23 kB at 216 kB/s)&#xD;&#xA;[INFO] Downloading from nexus: http://nexus/repository/maven-group/io/netty/netty-bom/4.1.31.Final/netty-bom-4.1.31.Final.pom&#xD;&#xA;[INFO] Downloaded from nexus: http://nexus/repository/maven-group/io/netty/netty-bom/4.1.31.Final/netty-bom-4.1.31.Final.pom (7.9 kB at 73 kB/s)&#xD;&#xA;[INFO] Downloading from nexus: http://nexus/repository/maven-group/org/sonatype/oss/oss-parent/7/oss-parent-7.pom&#xD;&#xA;[INFO] Downloaded from nexus: http://nexus/repository/maven-group/org/sonatype/oss/oss-parent/7/oss-parent-7.pom (4.8 kB at 38 kB/s)&#xD;&#xA;[INFO] Downloading from nexus: http://nexus/repository/maven-group/io/projectreactor/reactor-bom/Californium-SR4/reactor-bom-Californium-SR4.pom&#xD;&#xA;[INFO] Downloaded from nexus: http://nexus/repository/maven-group/io/projectreactor/reactor-bom/Californium-SR4/reactor-bom-Californium-SR4.pom (3.6 kB at 22 kB/s)&#xD;&#xA;[INFO] Downloading from nexus: http://nexus/repository/maven-group/org/apache/logging/log4j/log4j-bom/2.11.1/log4j-bom-2.11.1.pom&#xD;&#xA;[INFO] Downloaded from nexus: http://nexus/repository/maven-group/org/apache/logging/log4j/log4j-bom/2.11.1/log4j-bom-2.11.1.pom (6.1 kB at 53 kB/s)&#xD;&#xA;[INFO] Downloading from nexus: http://nexus/repository/maven-group/org/apache/logging/logging-parent/1/logging-parent-1.pom&#xD;&#xA;[INFO] Downloaded from nexus: http://nexus/repository/maven-group/org/apache/logging/logging-parent/1/logging-parent-1.pom (3.2 kB at 24 kB/s)&#xD;&#xA;[INFO] Downloading from nexus: http://nexus/repository/maven-group/org/apache/apache/18/apache-18.pom&#xD;&#xA;[INFO] Downloaded from nexus: http://nexus/repository/maven-group/org/apache/apache/18/apache-18.pom (16 kB at 142 kB/s)&#xD;&#xA;[INFO] Downloading from nexus: http://nexus/repository/maven-group/org/eclipse/jetty/jetty-bom/9.4.14.v20181114/jetty-bom-9.4.14.v20181114.pom&#xD;&#xA;[INFO] Downloaded from nexus: http://nexus/repository/maven-group/org/eclipse/jetty/jetty-bom/9.4.14.v20181114/jetty-bom-9.4.14.v20181114.pom (18 kB at 136 kB/s)&#xD;&#xA;[INFO] Downloading from nexus: http://nexus/repository/maven-group/org/glassfish/jersey/jersey-bom/2.27/jersey-bom-2.27.pom&#xD;&#xA;[INFO] Downloaded from nexus: http://nexus/repository/maven-group/org/glassfish/jersey/jersey-bom/2.27/jersey-bom-2.27.pom (22 kB at 169 kB/s)&#xD;&#xA;[INFO] Downloading from nexus: http://nexus/repository/maven-group/net/java/jvnet-parent/4/jvnet-parent-4.pom&#xD;&#xA;[INFO] Downloaded from nexus: http://nexus/repository/maven-group/net/java/jvnet-parent/4/jvnet-parent-4.pom (7.8 kB at 46 kB/s)&#xD;&#xA;[INFO] Downloading from nexus: http://nexus/repository/maven-group/org/junit/junit-bom/5.3.2/junit-bom-5.3.2.pom&#xD;&#xA;[INFO] Downloaded from nexus: http://nexus/repository/maven-group/org/junit/junit-bom/5.3.2/junit-bom-5.3.2.pom (4.1 kB at 18 kB/s)&#xD;&#xA;[INFO] Downloading from nexus: http://nexus/repository/maven-group/org/springframework/spring-framework-bom/5.1.4.RELEASE/spring-framework-bom-5.1.4.RELEASE.pom&#xD;&#xA;[INFO] Downloaded from nexus: http://nexus/repository/maven-group/org/springframework/spring-framework-bom/5.1.4.RELEASE/spring-framework-bom-5.1.4.RELEASE.pom (5.3 kB at 27 kB/s)&#xD;&#xA;[INFO] Downloading from nexus: http://nexus/repository/maven-group/org/springframework/data/spring-data-releasetrain/Lovelace-SR4/spring-data-releasetrain-Lovelace-SR4.pom&#xD;&#xA;[INFO] Downloaded from nexus: http://nexus/repository/maven-group/org/springframework/data/spring-data-releasetrain/Lovelace-SR4/spring-data-releasetrain-Lovelace-SR4.pom (4.6 kB at 40 kB/s)&#xD;&#xA;[INFO] Downloading from nexus: http://nexus/repository/maven-group/org/springframework/data/build/spring-data-build/2.1.4.RELEASE/spring-data-build-2.1.4.RELEASE.pom&#xD;&#xA;[INFO] Downloaded from nexus: http://nexus/repository/maven-group/org/springframework/data/build/spring-data-build/2.1.4.RELEASE/spring-data-build-2.1.4.RELEASE.pom (6.6 kB at 63 kB/s)&#xD;&#xA;[INFO] Downloading from nexus: http://nexus/repository/maven-group/org/springframework/integration/spring-integration-bom/5.1.2.RELEASE/spring-integration-bom-5.1.2.RELEASE.pom&#xD;&#xA;[INFO] Downloaded from nexus: http://nexus/repository/maven-group/org/springframework/integration/spring-integration-bom/5.1.2.RELEASE/spring-integration-bom-5.1.2.RELEASE.pom (8.7 kB at 46 kB/s)&#xD;&#xA;[INFO] Downloading from nexus: http://nexus/repository/maven-group/org/springframework/security/spring-security-bom/5.1.3.RELEASE/spring-security-bom-5.1.3.RELEASE.pom&#xD;&#xA;[INFO] Downloaded from nexus: http://nexus/repository/maven-group/org/springframework/security/spring-security-bom/5.1.3.RELEASE/spring-security-bom-5.1.3.RELEASE.pom (5.0 kB at 63 kB/s)&#xD;&#xA;[INFO] Downloading from nexus: http://nexus/repository/maven-group/org/springframework/session/spring-session-bom/Bean-SR2/spring-session-bom-Bean-SR2.pom&#xD;&#xA;[INFO] Downloaded from nexus: http://nexus/repository/maven-group/org/springframework/session/spring-session-bom/Bean-SR2/spring-session-bom-Bean-SR2.pom (3.0 kB at 34 kB/s)&#xD;&#xA;[INFO] Downloading from nexus: http://nexus/repository/maven-group/org/springframework/boot/spring-boot-maven-plugin/2.1.2.RELEASE/spring-boot-maven-plugin-2.1.2.RELEASE.pom&#xD;&#xA;[INFO] Downloaded from nexus: http://nexus/repository/maven-group/org/springframework/boot/spring-boot-maven-plugin/2.1.2.RELEASE/spring-boot-maven-plugin-2.1.2.RELEASE.pom (4.8 kB at 60 kB/s)&#xD;&#xA;[INFO] Downloading from nexus: http://nexus/repository/maven-group/org/springframework/boot/spring-boot-tools/2.1.2.RELEASE/spring-boot-tools-2.1.2.RELEASE.pom&#xD;&#xA;[INFO] Downloaded from nexus: http://nexus/repository/maven-group/org/springframework/boot/spring-boot-tools/2.1.2.RELEASE/spring-boot-tools-2.1.2.RELEASE.pom (1.8 kB at 17 kB/s)&#xD;&#xA;[INFO] Downloading from nexus: http://nexus/repository/maven-group/org/springframework/boot/spring-boot-parent/2.1.2.RELEASE/spring-boot-parent-2.1.2.RELEASE.pom&#xD;&#xA;[INFO] Downloaded from nexus: http://nexus/repository/maven-group/org/springframework/boot/spring-boot-parent/2.1.2.RELEASE/spring-boot-parent-2.1.2.RELEASE.pom (1.8 kB at 15 kB/s)&#xD;&#xA;[INFO] Downloading from nexus: http://nexus/repository/maven-group/org/springframework/boot/spring-boot-maven-plugin/2.1.2.RELEASE/spring-boot-maven-plugin-2.1.2.RELEASE.jar&#xD;&#xA;[INFO] Downloaded from nexus: http://nexus/repository/maven-group/org/springframework/boot/spring-boot-maven-plugin/2.1.2.RELEASE/spring-boot-maven-plugin-2.1.2.RELEASE.jar (68 kB at 827 kB/s)&#xD;&#xA;[INFO] Downloading from nexus: http://nexus/repository/maven-group/org/apache/maven/plugins/maven-deploy-plugin/2.8.2/maven-deploy-plugin-2.8.2.pom&#xD;&#xA;[INFO] Downloaded from nexus: http://nexus/repository/maven-group/org/apache/maven/plugins/maven-deploy-plugin/2.8.2/maven-deploy-plugin-2.8.2.pom (7.1 kB at 70 kB/s)&#xD;&#xA;[INFO] Downloading from nexus: http://nexus/repository/maven-group/org/apache/maven/plugins/maven-plugins/25/maven-plugins-25.pom&#xD;&#xA;[INFO] Downloaded from nexus: http://nexus/repository/maven-group/org/apache/maven/plugins/maven-plugins/25/maven-plugins-25.pom (9.6 kB at 98 kB/s)&#xD;&#xA;[INFO] Downloading from nexus: http://nexus/repository/maven-group/org/apache/maven/maven-parent/24/maven-parent-24.pom&#xD;&#xA;[INFO] Downloaded from nexus: http://nexus/repository/maven-group/org/apache/maven/maven-parent/24/maven-parent-24.pom (37 kB at 397 kB/s)&#xD;&#xA;[INFO] Downloading from nexus: http://nexus/repository/maven-group/org/apache/apache/14/apache-14.pom&#xD;&#xA;[INFO] Downloaded from nexus: http://nexus/repository/maven-group/org/apache/apache/14/apache-14.pom (15 kB at 158 kB/s)&#xD;&#xA;[INFO] Downloading from nexus: http://nexus/repository/maven-group/org/apache/maven/plugins/maven-deploy-plugin/2.8.2/maven-deploy-plugin-2.8.2.jar&#xD;&#xA;[INFO] Downloaded from nexus: http://nexus/repository/maven-group/org/apache/maven/plugins/maven-deploy-plugin/2.8.2/maven-deploy-plugin-2.8.2.jar (34 kB at 359 kB/s)&#xD;&#xA;[INFO] Downloading from nexus: http://nexus/repository/maven-group/org/apache/maven/plugins/maven-surefire-plugin/3.0.0-M1/maven-surefire-plugin-3.0.0-M1.pom&#xD;&#xA;[INFO] Downloaded from nexus: http://nexus/repository/maven-group/org/apache/maven/plugins/maven-surefire-plugin/3.0.0-M1/maven-surefire-plugin-3.0.0-M1.pom (6.4 kB at 82 kB/s)&#xD;&#xA;[INFO] Downloading from nexus: http://nexus/repository/maven-group/org/apache/maven/surefire/surefire/3.0.0-M1/surefire-3.0.0-M1.pom&#xD;&#xA;[INFO] Downloaded from nexus: http://nexus/repository/maven-group/org/apache/maven/surefire/surefire/3.0.0-M1/surefire-3.0.0-M1.pom (22 kB at 275 kB/s)&#xD;&#xA;[INFO] Downloading from nexus: http://nexus/repository/maven-group/org/apache/maven/maven-parent/33/maven-parent-33.pom&#xD;&#xA;[INFO] Downloaded from nexus: http://nexus/repository/maven-group/org/apache/maven/maven-parent/33/maven-parent-33.pom (44 kB at 566 kB/s)&#xD;&#xA;[INFO] Downloading from nexus: http://nexus/repository/maven-group/org/apache/apache/21/apache-21.pom&#xD;&#xA;[INFO] Downloaded from nexus: http://nexus/repository/maven-group/org/apache/apache/21/apache-21.pom (17 kB at 252 kB/s)&#xD;&#xA;[INFO] Downloading from nexus: http://nexus/repository/maven-group/org/apache/maven/plugins/maven-surefire-plugin/3.0.0-M1/maven-surefire-plugin-3.0.0-M1.jar&#xD;&#xA;[INFO] Downloaded from nexus: http://nexus/repository/maven-group/org/apache/maven/plugins/maven-surefire-plugin/3.0.0-M1/maven-surefire-plugin-3.0.0-M1.jar (40 kB at 434 kB/s)&#xD;&#xA;[INFO] Downloading from nexus: http://nexus/repository/maven-group/org/apache/maven/plugins/maven-clean-plugin/3.1.0/maven-clean-plugin-3.1.0.pom&#xD;&#xA;[INFO] Downloaded from nexus: http://nexus/repository/maven-group/org/apache/maven/plugins/maven-clean-plugin/3.1.0/maven-clean-plugin-3.1.0.pom (5.2 kB at 75 kB/s)&#xD;&#xA;[INFO] Downloading from nexus: http://nexus/repository/maven-group/org/apache/maven/plugins/maven-plugins/31/maven-plugins-31.pom&#xD;&#xA;[INFO] Downloaded from nexus: http://nexus/repository/maven-group/org/apache/maven/plugins/maven-plugins/31/maven-plugins-31.pom (10 kB at 153 kB/s)&#xD;&#xA;[INFO] Downloading from nexus: http://nexus/repository/maven-group/org/apache/maven/maven-parent/31/maven-parent-31.pom&#xD;&#xA;[INFO] Downloaded from nexus: http://nexus/repository/maven-group/org/apache/maven/maven-parent/31/maven-parent-31.pom (43 kB at 594 kB/s)&#xD;&#xA;[INFO] Downloading from nexus: http://nexus/repository/maven-group/org/apache/apache/19/apache-19.pom&#xD;&#xA;[INFO] Downloaded from nexus: http://nexus/repository/maven-group/org/apache/apache/19/apache-19.pom (15 kB at 128 kB/s)&#xD;&#xA;[INFO] Downloading from nexus: http://nexus/repository/maven-group/org/apache/maven/plugins/maven-clean-plugin/3.1.0/maven-clean-plugin-3.1.0.jar&#xD;&#xA;[INFO] Downloaded from nexus: http://nexus/repository/maven-group/org/apache/maven/plugins/maven-clean-plugin/3.1.0/maven-clean-plugin-3.1.0.jar (30 kB at 314 kB/s)&#xD;&#xA;[INFO] Downloading from nexus: http://nexus/repository/maven-group/org/apache/maven/plugins/maven-resources-plugin/3.1.0/maven-resources-plugin-3.1.0.pom&#xD;&#xA;[INFO] Downloaded from nexus: http://nexus/repository/maven-group/org/apache/maven/plugins/maven-resources-plugin/3.1.0/maven-resources-plugin-3.1.0.pom (7.2 kB at 84 kB/s)&#xD;&#xA;[INFO] Downloading from nexus: http://nexus/repository/maven-group/org/apache/maven/plugins/maven-resources-plugin/3.1.0/maven-resources-plugin-3.1.0.jar&#xD;&#xA;[INFO] Downloaded from nexus: http://nexus/repository/maven-group/org/apache/maven/plugins/maven-resources-plugin/3.1.0/maven-resources-plugin-3.1.0.jar (32 kB at 410 kB/s)&#xD;&#xA;[INFO] Downloading from nexus: http://nexus/repository/maven-group/org/apache/maven/plugins/maven-jar-plugin/3.1.1/maven-jar-plugin-3.1.1.pom&#xD;&#xA;[INFO] Downloaded from nexus: http://nexus/repository/maven-group/org/apache/maven/plugins/maven-jar-plugin/3.1.1/maven-jar-plugin-3.1.1.pom (6.7 kB at 57 kB/s)&#xD;&#xA;[INFO] Downloading from nexus: http://nexus/repository/maven-group/org/apache/maven/plugins/maven-plugins/33/maven-plugins-33.pom&#xD;&#xA;[INFO] Downloaded from nexus: http://nexus/repository/maven-group/org/apache/maven/plugins/maven-plugins/33/maven-plugins-33.pom (11 kB at 132 kB/s)&#xD;&#xA;[INFO] Downloading from nexus: http://nexus/repository/maven-group/org/apache/maven/plugins/maven-jar-plugin/3.1.1/maven-jar-plugin-3.1.1.jar&#xD;&#xA;[INFO] Downloaded from nexus: http://nexus/repository/maven-group/org/apache/maven/plugins/maven-jar-plugin/3.1.1/maven-jar-plugin-3.1.1.jar (27 kB at 326 kB/s)&#xD;&#xA;[INFO] Downloading from nexus: http://nexus/repository/maven-group/org/apache/maven/plugins/maven-compiler-plugin/3.8.0/maven-compiler-plugin-3.8.0.pom&#xD;&#xA;[INFO] Downloaded from nexus: http://nexus/repository/maven-group/org/apache/maven/plugins/maven-compiler-plugin/3.8.0/maven-compiler-plugin-3.8.0.pom (12 kB at 122 kB/s)&#xD;&#xA;[INFO] Downloading from nexus: http://nexus/repository/maven-group/org/apache/maven/plugins/maven-plugins/32/maven-plugins-32.pom&#xD;&#xA;[INFO] Downloaded from nexus: http://nexus/repository/maven-group/org/apache/maven/plugins/maven-plugins/32/maven-plugins-32.pom (11 kB at 129 kB/s)&#xD;&#xA;[INFO] Downloading from nexus: http://nexus/repository/maven-group/org/apache/maven/maven-parent/32/maven-parent-32.pom&#xD;&#xA;[INFO] Downloaded from nexus: http://nexus/repository/maven-group/org/apache/maven/maven-parent/32/maven-parent-32.pom (43 kB at 602 kB/s)&#xD;&#xA;[INFO] Downloading from nexus: http://nexus/repository/maven-group/org/apache/apache/20/apache-20.pom&#xD;&#xA;[INFO] Downloaded from nexus: http://nexus/repository/maven-group/org/apache/apache/20/apache-20.pom (16 kB at 174 kB/s)&#xD;&#xA;[INFO] Downloading from nexus: http://nexus/repository/maven-group/org/apache/maven/plugins/maven-compiler-plugin/3.8.0/maven-compiler-plugin-3.8.0.jar&#xD;&#xA;[INFO] Downloaded from nexus: http://nexus/repository/maven-group/org/apache/maven/plugins/maven-compiler-plugin/3.8.0/maven-compiler-plugin-3.8.0.jar (62 kB at 385 kB/s)&#xD;&#xA;[INFO] Downloading from nexus: http://nexus/repository/maven-group/org/apache/maven/plugins/maven-install-plugin/2.5.2/maven-install-plugin-2.5.2.pom&#xD;&#xA;[INFO] Downloaded from nexus: http://nexus/repository/maven-group/org/apache/maven/plugins/maven-install-plugin/2.5.2/maven-install-plugin-2.5.2.pom (6.4 kB at 63 kB/s)&#xD;&#xA;[INFO] Downloading from nexus: http://nexus/repository/maven-group/org/apache/maven/plugins/maven-install-plugin/2.5.2/maven-install-plugin-2.5.2.jar&#xD;&#xA;[INFO] Downloaded from nexus: http://nexus/repository/maven-group/org/apache/maven/plugins/maven-install-plugin/2.5.2/maven-install-plugin-2.5.2.jar (33 kB at 368 kB/s)&#xD;&#xA;[INFO] Downloading from nexus: http://nexus/repository/maven-group/org/apache/maven/plugins/maven-site-plugin/3.7.1/maven-site-plugin-3.7.1.pom&#xD;&#xA;[INFO] Downloaded from nexus: http://nexus/repository/maven-group/org/apache/maven/plugins/maven-site-plugin/3.7.1/maven-site-plugin-3.7.1.pom (19 kB at 200 kB/s)&#xD;&#xA;[INFO] Downloading from nexus: http://nexus/repository/maven-group/org/apache/maven/plugins/maven-site-plugin/3.7.1/maven-site-plugin-3.7.1.jar&#xD;&#xA;[INFO] Downloaded from nexus: http://nexus/repository/maven-group/org/apache/maven/plugins/maven-site-plugin/3.7.1/maven-site-plugin-3.7.1.jar (135 kB at 1.7 MB/s)&#xD;&#xA;[INFO] Downloading from nexus: http://nexus/repository/maven-group/org/apache/johnzon/johnzon-maven-plugin/1.1.11/johnzon-maven-plugin-1.1.11.pom&#xD;&#xA;[INFO] Downloaded from nexus: http://nexus/repository/maven-group/org/apache/johnzon/johnzon-maven-plugin/1.1.11/johnzon-maven-plugin-1.1.11.pom (3.6 kB at 42 kB/s)&#xD;&#xA;[INFO] Downloading from nexus: http://nexus/repository/maven-group/org/apache/johnzon/johnzon/1.1.11/johnzon-1.1.11.pom&#xD;&#xA;[INFO] Downloaded from nexus: http://nexus/repository/maven-group/org/apache/johnzon/johnzon/1.1.11/johnzon-1.1.11.pom (25 kB at 297 kB/s)&#xD;&#xA;[INFO] Downloading from nexus: http://nexus/repository/maven-group/org/apache/johnzon/johnzon-maven-plugin/1.1.11/johnzon-maven-plugin-1.1.11.jar&#xD;&#xA;[INFO] Downloaded from nexus: http://nexus/repository/maven-group/org/apache/johnzon/johnzon-maven-plugin/1.1.11/johnzon-maven-plugin-1.1.11.jar (26 kB at 282 kB/s)&#xD;&#xA;[INFO] Downloading from nexus: http://nexus/repository/maven-group/org/jetbrains/kotlin/kotlin-maven-plugin/1.2.71/kotlin-maven-plugin-1.2.71.pom&#xD;&#xA;[INFO] Downloaded from nexus: http://nexus/repository/maven-group/org/jetbrains/kotlin/kotlin-maven-plugin/1.2.71/kotlin-maven-plugin-1.2.71.pom (6.1 kB at 80 kB/s)&#xD;&#xA;[INFO] Downloading from nexus: http://nexus/repository/maven-group/org/jetbrains/kotlin/kotlin-project/1.2.71/kotlin-project-1.2.71.pom&#xD;&#xA;[INFO] Downloaded from nexus: http://nexus/repository/maven-group/org/jetbrains/kotlin/kotlin-project/1.2.71/kotlin-project-1.2.71.pom (10 kB at 137 kB/s)&#xD;&#xA;[INFO] Downloading from nexus: http://nexus/repository/maven-group/org/jetbrains/kotlin/kotlin-maven-plugin/1.2.71/kotlin-maven-plugin-1.2.71.jar&#xD;&#xA;[INFO] Downloaded from nexus: http://nexus/repository/maven-group/org/jetbrains/kotlin/kotlin-maven-plugin/1.2.71/kotlin-maven-plugin-1.2.71.jar (79 kB at 631 kB/s)&#xD;&#xA;[INFO] Downloading from nexus: http://nexus/repository/maven-group/org/jooq/jooq-codegen-maven/3.11.9/jooq-codegen-maven-3.11.9.pom&#xD;&#xA;[INFO] Downloaded from nexus: http://nexus/repository/maven-group/org/jooq/jooq-codegen-maven/3.11.9/jooq-codegen-maven-3.11.9.pom (3.5 kB at 45 kB/s)&#xD;&#xA;[INFO] Downloading from nexus: http://nexus/repository/maven-group/org/jooq/jooq-parent/3.11.9/jooq-parent-3.11.9.pom&#xD;&#xA;[INFO] Downloaded from nexus: http://nexus/repository/maven-group/org/jooq/jooq-parent/3.11.9/jooq-parent-3.11.9.pom (11 kB at 182 kB/s)&#xD;&#xA;[INFO] Downloading from nexus: http://nexus/repository/maven-group/org/jooq/jooq-codegen-maven/3.11.9/jooq-codegen-maven-3.11.9.jar&#xD;&#xA;[INFO] Downloaded from nexus: http://nexus/repository/maven-group/org/jooq/jooq-codegen-maven/3.11.9/jooq-codegen-maven-3.11.9.jar (16 kB at 274 kB/s)&#xD;&#xA;[INFO] Downloading from nexus: http://nexus/repository/maven-group/org/apache/maven/plugins/maven-antrun-plugin/1.8/maven-antrun-plugin-1.8.pom&#xD;&#xA;[INFO] Downloaded from nexus: http://nexus/repository/maven-group/org/apache/maven/plugins/maven-antrun-plugin/1.8/maven-antrun-plugin-1.8.pom (3.3 kB at 29 kB/s)&#xD;&#xA;[INFO] Downloading from nexus: http://nexus/repository/maven-group/org/apache/maven/plugins/maven-plugins/27/maven-plugins-27.pom&#xD;&#xA;[INFO] Downloaded from nexus: http://nexus/repository/maven-group/org/apache/maven/plugins/maven-plugins/27/maven-plugins-27.pom (11 kB at 154 kB/s)&#xD;&#xA;[INFO] Downloading from nexus: http://nexus/repository/maven-group/org/apache/maven/maven-parent/26/maven-parent-26.pom&#xD;&#xA;[INFO] Downloaded from nexus: http://nexus/repository/maven-group/org/apache/maven/maven-parent/26/maven-parent-26.pom (40 kB at 474 kB/s)&#xD;&#xA;[INFO] Downloading from nexus: http://nexus/repository/maven-group/org/apache/apache/16/apache-16.pom&#xD;&#xA;[INFO] Downloaded from nexus: http://nexus/repository/maven-group/org/apache/apache/16/apache-16.pom (15 kB at 203 kB/s)&#xD;&#xA;[INFO] Downloading from nexus: http://nexus/repository/maven-group/org/apache/maven/plugins/maven-antrun-plugin/1.8/maven-antrun-plugin-1.8.jar&#xD;&#xA;[INFO] Downloaded from nexus: http://nexus/repository/maven-group/org/apache/maven/plugins/maven-antrun-plugin/1.8/maven-antrun-plugin-1.8.jar (36 kB at 537 kB/s)&#xD;&#xA;[INFO] Downloading from nexus: http://nexus/repository/maven-group/org/apache/maven/plugins/maven-assembly-plugin/3.1.1/maven-assembly-plugin-3.1.1.pom&#xD;&#xA;[INFO] Downloaded from nexus: http://nexus/repository/maven-group/org/apache/maven/plugins/maven-assembly-plugin/3.1.1/maven-assembly-plugin-3.1.1.pom (15 kB at 166 kB/s)&#xD;&#xA;[INFO] Downloading from nexus: http://nexus/repository/maven-group/org/apache/maven/plugins/maven-assembly-plugin/3.1.1/maven-assembly-plugin-3.1.1.jar&#xD;&#xA;[INFO] Downloaded from nexus: http://nexus/repository/maven-group/org/apache/maven/plugins/maven-assembly-plugin/3.1.1/maven-assembly-plugin-3.1.1.jar (236 kB at 2.1 MB/s)&#xD;&#xA;[INFO] Downloading from nexus: http://nexus/repository/maven-group/org/apache/maven/plugins/maven-dependency-plugin/3.1.1/maven-dependency-plugin-3.1.1.pom&#xD;&#xA;[INFO] Downloaded from nexus: http://nexus/repository/maven-group/org/apache/maven/plugins/maven-dependency-plugin/3.1.1/maven-dependency-plugin-3.1.1.pom (15 kB at 137 kB/s)&#xD;&#xA;[INFO] Downloading from nexus: http://nexus/repository/maven-group/org/apache/maven/plugins/maven-dependency-plugin/3.1.1/maven-dependency-plugin-3.1.1.jar&#xD;&#xA;[INFO] Downloaded from nexus: http://nexus/repository/maven-group/org/apache/maven/plugins/maven-dependency-plugin/3.1.1/maven-dependency-plugin-3.1.1.jar (167 kB at 2.4 MB/s)&#xD;&#xA;[INFO] Downloading from nexus: http://nexus/repository/maven-group/org/apache/maven/plugins/maven-release-plugin/2.5.3/maven-release-plugin-2.5.3.pom&#xD;&#xA;[INFO] Downloaded from nexus: http://nexus/repository/maven-group/org/apache/maven/plugins/maven-release-plugin/2.5.3/maven-release-plugin-2.5.3.pom (11 kB at 173 kB/s)&#xD;&#xA;[INFO] Downloading from nexus: http://nexus/repository/maven-group/org/apache/maven/release/maven-release/2.5.3/maven-release-2.5.3.pom&#xD;&#xA;[INFO] Downloaded from nexus: http://nexus/repository/maven-group/org/apache/maven/release/maven-release/2.5.3/maven-release-2.5.3.pom (5.0 kB at 76 kB/s)&#xD;&#xA;[INFO] Downloading from nexus: http://nexus/repository/maven-group/org/apache/maven/maven-parent/27/maven-parent-27.pom&#xD;&#xA;[INFO] Downloaded from nexus: http://nexus/repository/maven-group/org/apache/maven/maven-parent/27/maven-parent-27.pom (41 kB at 529 kB/s)&#xD;&#xA;[INFO] Downloading from nexus: http://nexus/repository/maven-group/org/apache/apache/17/apache-17.pom&#xD;&#xA;[INFO] Downloaded from nexus: http://nexus/repository/maven-group/org/apache/apache/17/apache-17.pom (16 kB at 191 kB/s)&#xD;&#xA;[INFO] Downloading from nexus: http://nexus/repository/maven-group/org/apache/maven/plugins/maven-release-plugin/2.5.3/maven-release-plugin-2.5.3.jar&#xD;&#xA;[INFO] Downloaded from nexus: http://nexus/repository/maven-group/org/apache/maven/plugins/maven-release-plugin/2.5.3/maven-release-plugin-2.5.3.jar (53 kB at 564 kB/s)&#xD;&#xA;[INFO] Downloading from nexus: http://nexus/repository/maven-group/org/apache/maven/plugins/maven-enforcer-plugin/3.0.0-M2/maven-enforcer-plugin-3.0.0-M2.pom&#xD;&#xA;[INFO] Downloaded from nexus: http://nexus/repository/maven-group/org/apache/maven/plugins/maven-enforcer-plugin/3.0.0-M2/maven-enforcer-plugin-3.0.0-M2.pom (6.8 kB at 69 kB/s)&#xD;&#xA;[INFO] Downloading from nexus: http://nexus/repository/maven-group/org/apache/maven/enforcer/enforcer/3.0.0-M2/enforcer-3.0.0-M2.pom&#xD;&#xA;[INFO] Downloaded from nexus: http://nexus/repository/maven-group/org/apache/maven/enforcer/enforcer/3.0.0-M2/enforcer-3.0.0-M2.pom (7.9 kB at 99 kB/s)&#xD;&#xA;[INFO] Downloading from nexus: http://nexus/repository/maven-group/org/apache/maven/plugins/maven-enforcer-plugin/3.0.0-M2/maven-enforcer-plugin-3.0.0-M2.jar&#xD;&#xA;[INFO] Downloaded from nexus: http://nexus/repository/maven-group/org/apache/maven/plugins/maven-enforcer-plugin/3.0.0-M2/maven-enforcer-plugin-3.0.0-M2.jar (26 kB at 323 kB/s)&#xD;&#xA;[INFO] Downloading from nexus: http://nexus/repository/maven-group/org/apache/maven/plugins/maven-failsafe-plugin/2.22.1/maven-failsafe-plugin-2.22.1.pom&#xD;&#xA;[INFO] Downloaded from nexus: http://nexus/repository/maven-group/org/apache/maven/plugins/maven-failsafe-plugin/2.22.1/maven-failsafe-plugin-2.22.1.pom (12 kB at 132 kB/s)&#xD;&#xA;[INFO] Downloading from nexus: http://nexus/repository/maven-group/org/apache/maven/surefire/surefire/2.22.1/surefire-2.22.1.pom&#xD;&#xA;[INFO] Downloaded from nexus: http://nexus/repository/maven-group/org/apache/maven/surefire/surefire/2.22.1/surefire-2.22.1.pom (26 kB at 190 kB/s)&#xD;&#xA;[INFO] Downloading from nexus: http://nexus/repository/maven-group/org/apache/maven/plugins/maven-failsafe-plugin/2.22.1/maven-failsafe-plugin-2.22.1.jar&#xD;&#xA;[INFO] Downloaded from nexus: http://nexus/repository/maven-group/org/apache/maven/plugins/maven-failsafe-plugin/2.22.1/maven-failsafe-plugin-2.22.1.jar (294 kB at 2.7 MB/s)&#xD;&#xA;[INFO] Downloading from nexus: http://nexus/repository/maven-group/org/apache/maven/plugins/maven-invoker-plugin/3.1.0/maven-invoker-plugin-3.1.0.pom&#xD;&#xA;[INFO] Downloaded from nexus: http://nexus/repository/maven-group/org/apache/maven/plugins/maven-invoker-plugin/3.1.0/maven-invoker-plugin-3.1.0.pom (14 kB at 190 kB/s)&#xD;&#xA;[INFO] Downloading from nexus: http://nexus/repository/maven-group/org/apache/maven/plugins/maven-invoker-plugin/3.1.0/maven-invoker-plugin-3.1.0.jar&#xD;&#xA;[INFO] Downloaded from nexus: http://nexus/repository/maven-group/org/apache/maven/plugins/maven-invoker-plugin/3.1.0/maven-invoker-plugin-3.1.0.jar (115 kB at 941 kB/s)&#xD;&#xA;[INFO] Downloading from nexus: http://nexus/repository/maven-group/org/apache/maven/plugins/maven-help-plugin/3.1.1/maven-help-plugin-3.1.1.pom&#xD;&#xA;[INFO] Downloaded from nexus: http://nexus/repository/maven-group/org/apache/maven/plugins/maven-help-plugin/3.1.1/maven-help-plugin-3.1.1.pom (9.4 kB at 91 kB/s)&#xD;&#xA;[INFO] Downloading from nexus: http://nexus/repository/maven-group/org/apache/maven/plugins/maven-help-plugin/3.1.1/maven-help-plugin-3.1.1.jar&#xD;&#xA;[INFO] Downloaded from nexus: http://nexus/repository/maven-group/org/apache/maven/plugins/maven-help-plugin/3.1.1/maven-help-plugin-3.1.1.jar (64 kB at 887 kB/s)&#xD;&#xA;[INFO] Downloading from nexus: http://nexus/repository/maven-group/org/apache/maven/plugins/maven-javadoc-plugin/3.0.1/maven-javadoc-plugin-3.0.1.pom&#xD;&#xA;[INFO] Downloaded from nexus: http://nexus/repository/maven-group/org/apache/maven/plugins/maven-javadoc-plugin/3.0.1/maven-javadoc-plugin-3.0.1.pom (19 kB at 266 kB/s)&#xD;&#xA;[INFO] Downloading from nexus: http://nexus/repository/maven-group/org/apache/maven/plugins/maven-javadoc-plugin/3.0.1/maven-javadoc-plugin-3.0.1.jar&#xD;&#xA;[INFO] Downloaded from nexus: http://nexus/repository/maven-group/org/apache/maven/plugins/maven-javadoc-plugin/3.0.1/maven-javadoc-plugin-3.0.1.jar (421 kB at 4.8 MB/s)&#xD;&#xA;[INFO] Downloading from nexus: http://nexus/repository/maven-group/org/apache/maven/plugins/maven-shade-plugin/3.2.1/maven-shade-plugin-3.2.1.pom&#xD;&#xA;[INFO] Downloaded from nexus: http://nexus/repository/maven-group/org/apache/maven/plugins/maven-shade-plugin/3.2.1/maven-shade-plugin-3.2.1.pom (9.3 kB at 144 kB/s)&#xD;&#xA;[INFO] Downloading from nexus: http://nexus/repository/maven-group/org/apache/maven/plugins/maven-shade-plugin/3.2.1/maven-shade-plugin-3.2.1.jar&#xD;&#xA;[INFO] Downloaded from nexus: http://nexus/repository/maven-group/org/apache/maven/plugins/maven-shade-plugin/3.2.1/maven-shade-plugin-3.2.1.jar (114 kB at 1.8 MB/s)&#xD;&#xA;[INFO] Downloading from nexus: http://nexus/repository/maven-group/org/apache/maven/plugins/maven-source-plugin/3.0.1/maven-source-plugin-3.0.1.pom&#xD;&#xA;[INFO] Downloaded from nexus: http://nexus/repository/maven-group/org/apache/maven/plugins/maven-source-plugin/3.0.1/maven-source-plugin-3.0.1.pom (5.7 kB at 95 kB/s)&#xD;&#xA;[INFO] Downloading from nexus: http://nexus/repository/maven-group/org/apache/maven/plugins/maven-plugins/30/maven-plugins-30.pom&#xD;&#xA;[INFO] Downloaded from nexus: http://nexus/repository/maven-group/org/apache/maven/plugins/maven-plugins/30/maven-plugins-30.pom (10 kB at 124 kB/s)&#xD;&#xA;[INFO] Downloading from nexus: http://nexus/repository/maven-group/org/apache/maven/maven-parent/30/maven-parent-30.pom&#xD;&#xA;[INFO] Downloaded from nexus: http://nexus/repository/maven-group/org/apache/maven/maven-parent/30/maven-parent-30.pom (41 kB at 510 kB/s)&#xD;&#xA;[INFO] Downloading from nexus: http://nexus/repository/maven-group/org/apache/maven/plugins/maven-source-plugin/3.0.1/maven-source-plugin-3.0.1.jar&#xD;&#xA;[INFO] Downloaded from nexus: http://nexus/repository/maven-group/org/apache/maven/plugins/maven-source-plugin/3.0.1/maven-source-plugin-3.0.1.jar (31 kB at 449 kB/s)&#xD;&#xA;[INFO] Downloading from nexus: http://nexus/repository/maven-group/org/apache/maven/plugins/maven-surefire-plugin/2.22.1/maven-surefire-plugin-2.22.1.pom&#xD;&#xA;[INFO] Downloaded from nexus: http://nexus/repository/maven-group/org/apache/maven/plugins/maven-surefire-plugin/2.22.1/maven-surefire-plugin-2.22.1.pom (5.0 kB at 62 kB/s)&#xD;&#xA;[INFO] Downloading from nexus: http://nexus/repository/maven-group/org/apache/maven/plugins/maven-surefire-plugin/2.22.1/maven-surefire-plugin-2.22.1.jar&#xD;&#xA;[INFO] Downloaded from nexus: http://nexus/repository/maven-group/org/apache/maven/plugins/maven-surefire-plugin/2.22.1/maven-surefire-plugin-2.22.1.jar (41 kB at 391 kB/s)&#xD;&#xA;[INFO] Downloading from nexus: http://nexus/repository/maven-group/org/apache/maven/plugins/maven-war-plugin/3.2.2/maven-war-plugin-3.2.2.pom&#xD;&#xA;[INFO] Downloaded from nexus: http://nexus/repository/maven-group/org/apache/maven/plugins/maven-war-plugin/3.2.2/maven-war-plugin-3.2.2.pom (9.7 kB at 131 kB/s)&#xD;&#xA;[INFO] Downloading from nexus: http://nexus/repository/maven-group/org/apache/maven/plugins/maven-war-plugin/3.2.2/maven-war-plugin-3.2.2.jar&#xD;&#xA;[INFO] Downloaded from nexus: http://nexus/repository/maven-group/org/apache/maven/plugins/maven-war-plugin/3.2.2/maven-war-plugin-3.2.2.jar (91 kB at 903 kB/s)&#xD;&#xA;[INFO] Downloading from nexus: http://nexus/repository/maven-group/org/codehaus/mojo/build-helper-maven-plugin/3.0.0/build-helper-maven-plugin-3.0.0.pom&#xD;&#xA;[INFO] Downloaded from nexus: http://nexus/repository/maven-group/org/codehaus/mojo/build-helper-maven-plugin/3.0.0/build-helper-maven-plugin-3.0.0.pom (5.8 kB at 78 kB/s)&#xD;&#xA;[INFO] Downloading from nexus: http://nexus/repository/maven-group/org/codehaus/mojo/mojo-parent/40/mojo-parent-40.pom&#xD;&#xA;[INFO] Downloaded from nexus: http://nexus/repository/maven-group/org/codehaus/mojo/mojo-parent/40/mojo-parent-40.pom (34 kB at 283 kB/s)&#xD;&#xA;[INFO] Downloading from nexus: http://nexus/repository/maven-group/org/codehaus/mojo/build-helper-maven-plugin/3.0.0/build-helper-maven-plugin-3.0.0.jar&#xD;&#xA;[INFO] Downloaded from nexus: http://nexus/repository/maven-group/org/codehaus/mojo/build-helper-maven-plugin/3.0.0/build-helper-maven-plugin-3.0.0.jar (64 kB at 700 kB/s)&#xD;&#xA;[INFO] Downloading from nexus: http://nexus/repository/maven-group/org/codehaus/mojo/exec-maven-plugin/1.6.0/exec-maven-plugin-1.6.0.pom&#xD;&#xA;[INFO] Downloaded from nexus: http://nexus/repository/maven-group/org/codehaus/mojo/exec-maven-plugin/1.6.0/exec-maven-plugin-1.6.0.pom (13 kB at 212 kB/s)&#xD;&#xA;[INFO] Downloading from nexus: http://nexus/repository/maven-group/org/codehaus/mojo/exec-maven-plugin/1.6.0/exec-maven-plugin-1.6.0.jar&#xD;&#xA;[INFO] Downloaded from nexus: http://nexus/repository/maven-group/org/codehaus/mojo/exec-maven-plugin/1.6.0/exec-maven-plugin-1.6.0.jar (58 kB at 1.2 MB/s)&#xD;&#xA;[INFO] Downloading from nexus: http://nexus/repository/maven-group/org/codehaus/mojo/versions-maven-plugin/2.7/versions-maven-plugin-2.7.pom&#xD;&#xA;[INFO] Downloaded from nexus: http://nexus/repository/maven-group/org/codehaus/mojo/versions-maven-plugin/2.7/versions-maven-plugin-2.7.pom (17 kB at 215 kB/s)&#xD;&#xA;[INFO] Downloading from nexus: http://nexus/repository/maven-group/org/codehaus/mojo/versions-maven-plugin/2.7/versions-maven-plugin-2.7.jar&#xD;&#xA;[INFO] Downloaded from nexus: http://nexus/repository/maven-group/org/codehaus/mojo/versions-maven-plugin/2.7/versions-maven-plugin-2.7.jar (310 kB at 3.3 MB/s)&#xD;&#xA;[INFO] &#xD;&#xA;[INFO] -----------------&lt; com.example:bdd-spring-1547895385 &gt;------------------&#xD;&#xA;[INFO] Building demo 0.0.1-SNAPSHOT&#xD;&#xA;[INFO] --------------------------------[ jar ]---------------------------------&#xD;&#xA;[INFO] &#xD;&#xA;[INFO] --- versions-maven-plugin:2.7:set (default-cli) @ bdd-spring-1547895385 ---&#xD;&#xA;[INFO] Downloading from nexus: http://nexus/repository/maven-group/org/apache/maven/maven-artifact/2.2.1/maven-artifact-2.2.1.pom&#xD;&#xA;[INFO] Downloaded from nexus: http://nexus/repository/maven-group/org/apache/maven/maven-artifact/2.2.1/maven-artifact-2.2.1.pom (1.6 kB at 28 kB/s)&#xD;&#xA;[INFO] Downloading from nexus: http://nexus/repository/maven-group/org/apache/maven/maven/2.2.1/maven-2.2.1.pom&#xD;&#xA;[INFO] Downloaded from nexus: http://nexus/repository/maven-group/org/apache/maven/maven/2.2.1/maven-2.2.1.pom (22 kB at 373 kB/s)&#xD;&#xA;[INFO] Downloading from nexus: http://nexus/repository/maven-group/org/apache/maven/maven-parent/11/maven-parent-11.pom&#xD;&#xA;[INFO] Downloaded from nexus: http://nexus/repository/maven-group/org/apache/maven/maven-parent/11/maven-parent-11.pom (32 kB at 450 kB/s)&#xD;&#xA;[INFO] Downloading from nexus: http://nexus/repository/maven-group/org/apache/apache/5/apache-5.pom&#xD;&#xA;[INFO] Downloaded from nexus: http://nexus/repository/maven-group/org/apache/apache/5/apache-5.pom (4.1 kB at 63 kB/s)&#xD;&#xA;[INFO] Downloading from nexus: http://nexus/repository/maven-group/org/codehaus/plexus/plexus-utils/1.5.15/plexus-utils-1.5.15.pom&#xD;&#xA;[INFO] Downloaded from nexus: http://nexus/repository/maven-group/org/codehaus/plexus/plexus-utils/1.5.15/plexus-utils-1.5.15.pom (6.8 kB at 49 kB/s)&#xD;&#xA;[INFO] Downloading from nexus: http://nexus/repository/maven-group/org/codehaus/plexus/plexus/2.0.2/plexus-2.0.2.pom&#xD;&#xA;[INFO] Downloaded from nexus: http://nexus/repository/maven-group/org/codehaus/plexus/plexus/2.0.2/plexus-2.0.2.pom (12 kB at 173 kB/s)&#xD;&#xA;[INFO] Downloading from nexus: http://nexus/repository/maven-group/org/apache/maven/maven-artifact-manager/2.2.1/maven-artifact-manager-2.2.1.pom&#xD;&#xA;[INFO] Downloaded from nexus: http://nexus/repository/maven-group/org/apache/maven/maven-artifact-manager/2.2.1/maven-artifact-manager-2.2.1.pom (3.1 kB at 41 kB/s)&#xD;&#xA;[INFO] Downloading from nexus: http://nexus/repository/maven-group/org/apache/maven/maven-repository-metadata/2.2.1/maven-repository-metadata-2.2.1.pom&#xD;&#xA;[INFO] Downloaded from nexus: http://nexus/repository/maven-group/org/apache/maven/maven-repository-metadata/2.2.1/maven-repository-metadata-2.2.1.pom (1.9 kB at 25 kB/s)&#xD;&#xA;[INFO] Downloading from nexus: http://nexus/repository/maven-group/org/codehaus/plexus/plexus-container-default/1.0-alpha-9-stable-1/plexus-container-default-1.0-alpha-9-stable-1.pom&#xD;&#xA;[INFO] Downloaded from nexus: http://nexus/repository/maven-group/org/codehaus/plexus/plexus-container-default/1.0-alpha-9-stable-1/plexus-container-default-1.0-alpha-9-stable-1.pom (3.9 kB at 71 kB/s)&#xD;&#xA;[INFO] Downloading from nexus: http://nexus/repository/maven-group/org/codehaus/plexus/plexus-containers/1.0.3/plexus-containers-1.0.3.pom&#xD;&#xA;[INFO] Downloaded from nexus: http://nexus/repository/maven-group/org/codehaus/plexus/plexus-containers/1.0.3/plexus-containers-1.0.3.pom (492 B at 7.9 kB/s)&#xD;&#xA;[INFO] Downloading from nexus: http://nexus/repository/maven-group/org/codehaus/plexus/plexus/1.0.4/plexus-1.0.4.pom&#xD;&#xA;[INFO] Downloaded from nexus: http://nexus/repository/maven-group/org/codehaus/plexus/plexus/1.0.4/plexus-1.0.4.pom (5.7 kB at 76 kB/s)&#xD;&#xA;[INFO] Downloading from nexus: http://nexus/repository/maven-group/junit/junit/4.12/junit-4.12.pom&#xD;&#xA;[INFO] Downloaded from nexus: http://nexus/repository/maven-group/junit/junit/4.12/junit-4.12.pom (24 kB at 316 kB/s)&#xD;&#xA;[INFO] Downloading from nexus: http://nexus/repository/maven-group/org/hamcrest/hamcrest-core/1.3/hamcrest-core-1.3.pom&#xD;&#xA;[INFO] Downloaded from nexus: http://nexus/repository/maven-group/org/hamcrest/hamcrest-core/1.3/hamcrest-core-1.3.pom (766 B at 9.1 kB/s)&#xD;&#xA;[INFO] Downloading from nexus: http://nexus/repository/maven-group/org/hamcrest/hamcrest-parent/1.3/hamcrest-parent-1.3.pom&#xD;&#xA;[INFO] Downloaded from nexus: http://nexus/repository/maven-group/org/hamcrest/hamcrest-parent/1.3/hamcrest-parent-1.3.pom (2.0 kB at 28 kB/s)&#xD;&#xA;[INFO] Downloading from nexus: http://nexus/repository/maven-group/org/codehaus/plexus/plexus-utils/1.0.4/plexus-utils-1.0.4.pom&#xD;&#xA;[INFO] Downloaded from nexus: http://nexus/repository/maven-group/org/codehaus/plexus/plexus-utils/1.0.4/plexus-utils-1.0.4.pom (6.9 kB at 80 kB/s)&#xD;&#xA;[INFO] Downloading from nexus: http://nexus/repository/maven-group/classworlds/classworlds/1.1-alpha-2/classworlds-1.1-alpha-2.pom&#xD;&#xA;[INFO] Downloaded from nexus: http://nexus/repository/maven-group/classworlds/classworlds/1.1-alpha-2/classworlds-1.1-alpha-2.pom (3.1 kB at 68 kB/s)&#xD;&#xA;[INFO] Downloading from nexus: http://nexus/repository/maven-group/backport-util-concurrent/backport-util-concurrent/3.1/backport-util-concurrent-3.1.pom&#xD;&#xA;[INFO] Downloaded from nexus: http://nexus/repository/maven-group/backport-util-concurrent/backport-util-concurrent/3.1/backport-util-concurrent-3.1.pom (880 B at 15 kB/s)&#xD;&#xA;[INFO] Downloading from nexus: http://nexus/repository/maven-group/org/apache/maven/maven-core/2.2.1/maven-core-2.2.1.pom&#xD;&#xA;[INFO] Downloaded from nexus: http://nexus/repository/maven-group/org/apache/maven/maven-core/2.2.1/maven-core-2.2.1.pom (12 kB at 145 kB/s)&#xD;&#xA;[INFO] Downloading from nexus: http://nexus/repository/maven-group/org/apache/maven/maven-settings/2.2.1/maven-settings-2.2.1.pom&#xD;&#xA;[INFO] Downloaded from nexus: http://nexus/repository/maven-group/org/apache/maven/maven-settings/2.2.1/maven-settings-2.2.1.pom (2.2 kB at 36 kB/s)&#xD;&#xA;[INFO] Downloading from nexus: http://nexus/repository/maven-group/org/apache/maven/maven-model/2.2.1/maven-model-2.2.1.pom&#xD;&#xA;[INFO] Downloaded from nexus: http://nexus/repository/maven-group/org/apache/maven/maven-model/2.2.1/maven-model-2.2.1.pom (3.2 kB at 51 kB/s)&#xD;&#xA;[INFO] Downloading from nexus: http://nexus/repository/maven-group/org/codehaus/plexus/plexus-interpolation/1.11/plexus-interpolation-1.11.pom&#xD;&#xA;[INFO] Downloaded from nexus: http://nexus/repository/maven-group/org/codehaus/plexus/plexus-interpolation/1.11/plexus-interpolation-1.11.pom (889 B at 15 kB/s)&#xD;&#xA;[INFO] Downloading from nexus: http://nexus/repository/maven-group/org/codehaus/plexus/plexus-components/1.1.14/plexus-components-1.1.14.pom&#xD;&#xA;[INFO] Downloaded from nexus: http://nexus/repository/maven-group/org/codehaus/plexus/plexus-components/1.1.14/plexus-components-1.1.14.pom (5.8 kB at 78 kB/s)&#xD;&#xA;[INFO] Downloading from nexus: http://nexus/repository/maven-group/org/apache/maven/maven-plugin-parameter-documenter/2.2.1/maven-plugin-parameter-documenter-2.2.1.pom&#xD;&#xA;[INFO] Downloaded from nexus: http://nexus/repository/maven-group/org/apache/maven/maven-plugin-parameter-documenter/2.2.1/maven-plugin-parameter-documenter-2.2.1.pom (2.0 kB at 28 kB/s)&#xD;&#xA;[INFO] Downloading from nexus: http://nexus/repository/maven-group/org/slf4j/slf4j-jdk14/1.5.6/slf4j-jdk14-1.5.6.pom&#xD;&#xA;[INFO] Downloaded from nexus: http://nexus/repository/maven-group/org/slf4j/slf4j-jdk14/1.5.6/slf4j-jdk14-1.5.6.pom (1.9 kB at 32 kB/s)&#xD;&#xA;[INFO] Downloading from nexus: http://nexus/repository/maven-group/org/slf4j/slf4j-parent/1.5.6/slf4j-parent-1.5.6.pom&#xD;&#xA;[INFO] Downloaded from nexus: http://nexus/repository/maven-group/org/slf4j/slf4j-parent/1.5.6/slf4j-parent-1.5.6.pom (7.9 kB at 152 kB/s)&#xD;&#xA;[INFO] Downloading from nexus: http://nexus/repository/maven-group/org/slf4j/slf4j-api/1.5.6/slf4j-api-1.5.6.pom&#xD;&#xA;[INFO] Downloaded from nexus: http://nexus/repository/maven-group/org/slf4j/slf4j-api/1.5.6/slf4j-api-1.5.6.pom (3.0 kB at 61 kB/s)&#xD;&#xA;[INFO] Downloading from nexus: http://nexus/repository/maven-group/org/slf4j/jcl-over-slf4j/1.5.6/jcl-over-slf4j-1.5.6.pom&#xD;&#xA;[INFO] Downloaded from nexus: http://nexus/repository/maven-group/org/slf4j/jcl-over-slf4j/1.5.6/jcl-over-slf4j-1.5.6.pom (2.2 kB at 30 kB/s)&#xD;&#xA;[INFO] Downloading from nexus: http://nexus/repository/maven-group/org/apache/maven/reporting/maven-reporting-api/2.2.1/maven-reporting-api-2.2.1.pom&#xD;&#xA;[INFO] Downloaded from nexus: http://nexus/repository/maven-group/org/apache/maven/reporting/maven-reporting-api/2.2.1/maven-reporting-api-2.2.1.pom (1.9 kB at 36 kB/s)&#xD;&#xA;[INFO] Downloading from nexus: http://nexus/repository/maven-group/org/apache/maven/reporting/maven-reporting/2.2.1/maven-reporting-2.2.1.pom&#xD;&#xA;[INFO] Downloaded from nexus: http://nexus/repository/maven-group/org/apache/maven/reporting/maven-reporting/2.2.1/maven-reporting-2.2.1.pom (1.4 kB at 33 kB/s)&#xD;&#xA;[INFO] Downloading from nexus: http://nexus/repository/maven-group/org/apache/maven/doxia/doxia-sink-api/1.1/doxia-sink-api-1.1.pom&#xD;&#xA;[INFO] Downloaded from nexus: http://nexus/repository/maven-group/org/apache/maven/doxia/doxia-sink-api/1.1/doxia-sink-api-1.1.pom (2.0 kB at 27 kB/s)&#xD;&#xA;[INFO] Downloading from nexus: http://nexus/repository/maven-group/org/apache/maven/doxia/doxia/1.1/doxia-1.1.pom&#xD;&#xA;[INFO] Downloaded from nexus: http://nexus/repository/maven-group/org/apache/maven/doxia/doxia/1.1/doxia-1.1.pom (15 kB at 241 kB/s)&#xD;&#xA;[INFO] Downloading from nexus: http://nexus/repository/maven-group/org/apache/maven/doxia/doxia-logging-api/1.1/doxia-logging-api-1.1.pom&#xD;&#xA;[INFO] Downloaded from nexus: http://nexus/repository/maven-group/org/apache/maven/doxia/doxia-logging-api/1.1/doxia-logging-api-1.1.pom (1.6 kB at 26 kB/s)&#xD;&#xA;[INFO] Downloading from nexus: http://nexus/repository/maven-group/org/codehaus/plexus/plexus-container-default/1.0-alpha-30/plexus-container-default-1.0-alpha-30.pom&#xD;&#xA;[INFO] Downloaded from nexus: http://nexus/repository/maven-group/org/codehaus/plexus/plexus-container-default/1.0-alpha-30/plexus-container-default-1.0-alpha-30.pom (3.5 kB at 72 kB/s)&#xD;&#xA;[INFO] Downloading from nexus: http://nexus/repository/maven-group/org/codehaus/plexus/plexus-containers/1.0-alpha-30/plexus-containers-1.0-alpha-30.pom&#xD;&#xA;[INFO] Downloaded from nexus: http://nexus/repository/maven-group/org/codehaus/plexus/plexus-containers/1.0-alpha-30/plexus-containers-1.0-alpha-30.pom (1.9 kB at 31 kB/s)&#xD;&#xA;[INFO] Downloading from nexus: http://nexus/repository/maven-group/org/codehaus/plexus/plexus/1.0.11/plexus-1.0.11.pom&#xD;&#xA;[INFO] Downloaded from nexus: http://nexus/repository/maven-group/org/codehaus/plexus/plexus/1.0.11/plexus-1.0.11.pom (9.0 kB at 126 kB/s)&#xD;&#xA;[INFO] Downloading from nexus: http://nexus/repository/maven-group/org/codehaus/plexus/plexus-utils/1.4.5/plexus-utils-1.4.5.pom&#xD;&#xA;[INFO] Downloaded from nexus: http://nexus/repository/maven-group/org/codehaus/plexus/plexus-utils/1.4.5/plexus-utils-1.4.5.pom (2.3 kB at 31 kB/s)&#xD;&#xA;[INFO] Downloading from nexus: http://nexus/repository/maven-group/org/codehaus/plexus/plexus-classworlds/1.2-alpha-9/plexus-classworlds-1.2-alpha-9.pom&#xD;&#xA;[INFO] Downloaded from nexus: http://nexus/repository/maven-group/org/codehaus/plexus/plexus-classworlds/1.2-alpha-9/plexus-classworlds-1.2-alpha-9.pom (3.2 kB at 36 kB/s)&#xD;&#xA;[INFO] Downloading from nexus: http://nexus/repository/maven-group/org/codehaus/plexus/plexus/1.0.10/plexus-1.0.10.pom&#xD;&#xA;[INFO] Downloaded from nexus: http://nexus/repository/maven-group/org/codehaus/plexus/plexus/1.0.10/plexus-1.0.10.pom (8.2 kB at 131 kB/s)&#xD;&#xA;[INFO] Downloading from nexus: http://nexus/repository/maven-group/org/apache/maven/maven-profile/2.2.1/maven-profile-2.2.1.pom&#xD;&#xA;[INFO] Downloaded from nexus: http://nexus/repository/maven-group/org/apache/maven/maven-profile/2.2.1/maven-profile-2.2.1.pom (2.2 kB at 52 kB/s)&#xD;&#xA;[INFO] Downloading from nexus: http://nexus/repository/maven-group/org/apache/maven/maven-error-diagnostics/2.2.1/maven-error-diagnostics-2.2.1.pom&#xD;&#xA;[INFO] Downloaded from nexus: http://nexus/repository/maven-group/org/apache/maven/maven-error-diagnostics/2.2.1/maven-error-diagnostics-2.2.1.pom (1.7 kB at 13 kB/s)&#xD;&#xA;[INFO] Downloading from nexus: http://nexus/repository/maven-group/org/apache/maven/maven-project/2.2.1/maven-project-2.2.1.pom&#xD;&#xA;[INFO] Downloaded from nexus: http://nexus/repository/maven-group/org/apache/maven/maven-project/2.2.1/maven-project-2.2.1.pom (2.8 kB at 29 kB/s)&#xD;&#xA;[INFO] Downloading from nexus: http://nexus/repository/maven-group/org/apache/maven/maven-plugin-registry/2.2.1/maven-plugin-registry-2.2.1.pom&#xD;&#xA;[INFO] Downloaded from nexus: http://nexus/repository/maven-group/org/apache/maven/maven-plugin-registry/2.2.1/maven-plugin-registry-2.2.1.pom (1.9 kB at 28 kB/s)&#xD;&#xA;[INFO] Downloading from nexus: http://nexus/repository/maven-group/commons-cli/commons-cli/1.2/commons-cli-1.2.pom&#xD;&#xA;[INFO] Downloaded from nexus: http://nexus/repository/maven-group/commons-cli/commons-cli/1.2/commons-cli-1.2.pom (8.0 kB at 116 kB/s)&#xD;&#xA;[INFO] Downloading from nexus: http://nexus/repository/maven-group/org/apache/commons/commons-parent/11/commons-parent-11.pom&#xD;&#xA;[INFO] Downloaded from nexus: http://nexus/repository/maven-group/org/apache/commons/commons-parent/11/commons-parent-11.pom (25 kB at 239 kB/s)&#xD;&#xA;[INFO] Downloading from nexus: http://nexus/repository/maven-group/org/apache/apache/4/apache-4.pom&#xD;&#xA;[INFO] Downloaded from nexus: http://nexus/repository/maven-group/org/apache/apache/4/apache-4.pom (4.5 kB at 75 kB/s)&#xD;&#xA;[INFO] Downloading from nexus: http://nexus/repository/maven-group/org/apache/maven/maven-plugin-api/3.0/maven-plugin-api-3.0.pom&#xD;&#xA;[INFO] Downloaded from nexus: http://nexus/repository/maven-group/org/apache/maven/maven-plugin-api/3.0/maven-plugin-api-3.0.pom (2.3 kB at 39 kB/s)&#xD;&#xA;[INFO] Downloading from nexus: http://nexus/repository/maven-group/org/apache/maven/maven/3.0/maven-3.0.pom&#xD;&#xA;[INFO] Downloaded from nexus: http://nexus/repository/maven-group/org/apache/maven/maven/3.0/maven-3.0.pom (22 kB at 359 kB/s)&#xD;&#xA;[INFO] Downloading from nexus: http://nexus/repository/maven-group/org/apache/maven/maven-parent/15/maven-parent-15.pom&#xD;&#xA;[INFO] Downloaded from nexus: http://nexus/repository/maven-group/org/apache/maven/maven-parent/15/maven-parent-15.pom (24 kB at 273 kB/s)&#xD;&#xA;[INFO] Downloading from nexus: http://nexus/repository/maven-group/org/apache/apache/6/apache-6.pom&#xD;&#xA;[INFO] Downloaded from nexus: http://nexus/repository/maven-group/org/apache/apache/6/apache-6.pom (13 kB at 237 kB/s)&#xD;&#xA;[INFO] Downloading from nexus: http://nexus/repository/maven-group/org/apache/maven/maven-model/3.0/maven-model-3.0.pom&#xD;&#xA;[INFO] Downloaded from nexus: http://nexus/repository/maven-group/org/apache/maven/maven-model/3.0/maven-model-3.0.pom (3.9 kB at 72 kB/s)&#xD;&#xA;[INFO] Downloading from nexus: http://nexus/repository/maven-group/org/codehaus/plexus/plexus-utils/2.0.4/plexus-utils-2.0.4.pom&#xD;&#xA;[INFO] Downloaded from nexus: http://nexus/repository/maven-group/org/codehaus/plexus/plexus-utils/2.0.4/plexus-utils-2.0.4.pom (3.3 kB at 57 kB/s)&#xD;&#xA;[INFO] Downloading from nexus: http://nexus/repository/maven-group/org/codehaus/plexus/plexus/2.0.6/plexus-2.0.6.pom&#xD;&#xA;[INFO] Downloaded from nexus: http://nexus/repository/maven-group/org/codehaus/plexus/plexus/2.0.6/plexus-2.0.6.pom (17 kB at 266 kB/s)&#xD;&#xA;[INFO] Downloading from nexus: http://nexus/repository/maven-group/org/apache/maven/maven-artifact/3.0/maven-artifact-3.0.pom&#xD;&#xA;[INFO] Downloaded from nexus: http://nexus/repository/maven-group/org/apache/maven/maven-artifact/3.0/maven-artifact-3.0.pom (1.9 kB at 34 kB/s)&#xD;&#xA;[INFO] Downloading from nexus: http://nexus/repository/maven-group/org/sonatype/sisu/sisu-inject-plexus/1.4.2/sisu-inject-plexus-1.4.2.pom&#xD;&#xA;[INFO] Downloaded from nexus: http://nexus/repository/maven-group/org/sonatype/sisu/sisu-inject-plexus/1.4.2/sisu-inject-plexus-1.4.2.pom (5.4 kB at 94 kB/s)&#xD;&#xA;[INFO] Downloading from nexus: http://nexus/repository/maven-group/org/sonatype/sisu/inject/guice-plexus/1.4.2/guice-plexus-1.4.2.pom&#xD;&#xA;[INFO] Downloaded from nexus: http://nexus/repository/maven-group/org/sonatype/sisu/inject/guice-plexus/1.4.2/guice-plexus-1.4.2.pom (3.1 kB at 52 kB/s)&#xD;&#xA;[INFO] Downloading from nexus: http://nexus/repository/maven-group/org/sonatype/sisu/inject/guice-bean/1.4.2/guice-bean-1.4.2.pom&#xD;&#xA;[INFO] Downloaded from nexus: http://nexus/repository/maven-group/org/sonatype/sisu/inject/guice-bean/1.4.2/guice-bean-1.4.2.pom (2.6 kB at 47 kB/s)&#xD;&#xA;[INFO] Downloading from nexus: http://nexus/repository/maven-group/org/sonatype/sisu/sisu-inject/1.4.2/sisu-inject-1.4.2.pom&#xD;&#xA;[INFO] Downloaded from nexus: http://nexus/repository/maven-group/org/sonatype/sisu/sisu-inject/1.4.2/sisu-inject-1.4.2.pom (1.2 kB at 18 kB/s)&#xD;&#xA;[INFO] Downloading from nexus: http://nexus/repository/maven-group/org/sonatype/sisu/sisu-parent/1.4.2/sisu-parent-1.4.2.pom&#xD;&#xA;[INFO] Downloaded from nexus: http://nexus/repository/maven-group/org/sonatype/sisu/sisu-parent/1.4.2/sisu-parent-1.4.2.pom (7.8 kB at 102 kB/s)&#xD;&#xA;[INFO] Downloading from nexus: http://nexus/repository/maven-group/org/sonatype/forge/forge-parent/6/forge-parent-6.pom&#xD;&#xA;[INFO] Downloaded from nexus: http://nexus/repository/maven-group/org/sonatype/forge/forge-parent/6/forge-parent-6.pom (11 kB at 179 kB/s)&#xD;&#xA;[INFO] Downloading from nexus: http://nexus/repository/maven-group/org/codehaus/plexus/plexus-component-annotations/1.5.4/plexus-component-annotations-1.5.4.pom&#xD;&#xA;[INFO] Downloaded from nexus: http://nexus/repository/maven-group/org/codehaus/plexus/plexus-component-annotations/1.5.4/plexus-component-annotations-1.5.4.pom (815 B at 5.3 kB/s)&#xD;&#xA;[INFO] Downloading from nexus: http://nexus/repository/maven-group/org/codehaus/plexus/plexus-containers/1.5.4/plexus-containers-1.5.4.pom&#xD;&#xA;[INFO] Downloaded from nexus: http://nexus/repository/maven-group/org/codehaus/plexus/plexus-containers/1.5.4/plexus-containers-1.5.4.pom (4.2 kB at 55 kB/s)&#xD;&#xA;[INFO] Downloading from nexus: http://nexus/repository/maven-group/org/codehaus/plexus/plexus/2.0.5/plexus-2.0.5.pom&#xD;&#xA;[INFO] Downloaded from nexus: http://nexus/repository/maven-group/org/codehaus/plexus/plexus/2.0.5/plexus-2.0.5.pom (17 kB at 147 kB/s)&#xD;&#xA;[INFO] Downloading from nexus: http://nexus/repository/maven-group/org/codehaus/plexus/plexus-classworlds/2.2.3/plexus-classworlds-2.2.3.pom&#xD;&#xA;[INFO] Downloaded from nexus: http://nexus/repository/maven-group/org/codehaus/plexus/plexus-classworlds/2.2.3/plexus-classworlds-2.2.3.pom (4.0 kB at 51 kB/s)&#xD;&#xA;[INFO] Downloading from nexus: http://nexus/repository/maven-group/org/codehaus/plexus/plexus-utils/2.0.5/plexus-utils-2.0.5.pom&#xD;&#xA;[INFO] Downloaded from nexus: http://nexus/repository/maven-group/org/codehaus/plexus/plexus-utils/2.0.5/plexus-utils-2.0.5.pom (3.3 kB at 48 kB/s)&#xD;&#xA;[INFO] Downloading from nexus: http://nexus/repository/maven-group/org/sonatype/sisu/sisu-inject-bean/1.4.2/sisu-inject-bean-1.4.2.pom&#xD;&#xA;[INFO] Downloaded from nexus: http://nexus/repository/maven-group/org/sonatype/sisu/sisu-inject-bean/1.4.2/sisu-inject-bean-1.4.2.pom (5.5 kB at 63 kB/s)&#xD;&#xA;[INFO] Downloading from nexus: http://nexus/repository/maven-group/org/sonatype/sisu/sisu-guice/2.1.7/sisu-guice-2.1.7.pom&#xD;&#xA;[INFO] Downloaded from nexus: http://nexus/repository/maven-group/org/sonatype/sisu/sisu-guice/2.1.7/sisu-guice-2.1.7.pom (11 kB at 152 kB/s)&#xD;&#xA;[INFO] Downloading from nexus: http://nexus/repository/maven-group/org/apache/maven/maven-plugin-descriptor/2.2.1/maven-plugin-descriptor-2.2.1.pom&#xD;&#xA;[INFO] Downloaded from nexus: http://nexus/repository/maven-group/org/apache/maven/maven-plugin-descriptor/2.2.1/maven-plugin-descriptor-2.2.1.pom (2.1 kB at 41 kB/s)&#xD;&#xA;[INFO] Downloading from nexus: http://nexus/repository/maven-group/org/codehaus/plexus/plexus-interactivity-api/1.0-alpha-4/plexus-interactivity-api-1.0-alpha-4.pom&#xD;&#xA;[INFO] Downloaded from nexus: http://nexus/repository/maven-group/org/codehaus/plexus/plexus-interactivity-api/1.0-alpha-4/plexus-interactivity-api-1.0-alpha-4.pom (7.1 kB at 114 kB/s)&#xD;&#xA;[INFO] Downloading from nexus: http://nexus/repository/maven-group/org/apache/maven/maven-monitor/2.2.1/maven-monitor-2.2.1.pom&#xD;&#xA;[INFO] Downloaded from nexus: http://nexus/repository/maven-group/org/apache/maven/maven-monitor/2.2.1/maven-monitor-2.2.1.pom (1.3 kB at 17 kB/s)&#xD;&#xA;[INFO] Downloading from nexus: http://nexus/repository/maven-group/classworlds/classworlds/1.1/classworlds-1.1.pom&#xD;&#xA;[INFO] Downloaded from nexus: http://nexus/repository/maven-group/classworlds/classworlds/1.1/classworlds-1.1.pom (3.3 kB at 81 kB/s)&#xD;&#xA;[INFO] Downloading from nexus: http://nexus/repository/maven-group/org/sonatype/plexus/plexus-sec-dispatcher/1.3/plexus-sec-dispatcher-1.3.pom&#xD;&#xA;[INFO] Downloaded from nexus: http://nexus/repository/maven-group/org/sonatype/plexus/plexus-sec-dispatcher/1.3/plexus-sec-dispatcher-1.3.pom (3.0 kB at 43 kB/s)&#xD;&#xA;[INFO] Downloading from nexus: http://nexus/repository/maven-group/org/sonatype/spice/spice-parent/12/spice-parent-12.pom&#xD;&#xA;[INFO] Downloaded from nexus: http://nexus/repository/maven-group/org/sonatype/spice/spice-parent/12/spice-parent-12.pom (6.8 kB at 126 kB/s)&#xD;&#xA;[INFO] Downloading from nexus: http://nexus/repository/maven-group/org/sonatype/forge/forge-parent/4/forge-parent-4.pom&#xD;&#xA;[INFO] Downloaded from nexus: http://nexus/repository/maven-group/org/sonatype/forge/forge-parent/4/forge-parent-4.pom (8.4 kB at 129 kB/s)&#xD;&#xA;[INFO] Downloading from nexus: http://nexus/repository/maven-group/org/codehaus/plexus/plexus-utils/1.5.5/plexus-utils-1.5.5.pom&#xD;&#xA;[INFO] Downloaded from nexus: http://nexus/repository/maven-group/org/codehaus/plexus/plexus-utils/1.5.5/plexus-utils-1.5.5.pom (5.1 kB at 80 kB/s)&#xD;&#xA;[INFO] Downloading from nexus: http://nexus/repository/maven-group/org/sonatype/plexus/plexus-cipher/1.4/plexus-cipher-1.4.pom&#xD;&#xA;[INFO] Downloaded from nexus: http://nexus/repository/maven-group/org/sonatype/plexus/plexus-cipher/1.4/plexus-cipher-1.4.pom (2.1 kB at 30 kB/s)&#xD;&#xA;[INFO] Downloading from nexus: http://nexus/repository/maven-group/org/apache/maven/maven-plugin-api/2.2.1/maven-plugin-api-2.2.1.pom&#xD;&#xA;[INFO] Downloaded from nexus: http://nexus/repository/maven-group/org/apache/maven/maven-plugin-api/2.2.1/maven-plugin-api-2.2.1.pom (1.5 kB at 12 kB/s)&#xD;&#xA;[INFO] Downloading from nexus: http://nexus/repository/maven-group/org/apache/maven/reporting/maven-reporting-api/3.0/maven-reporting-api-3.0.pom&#xD;&#xA;[INFO] Downloaded from nexus: http://nexus/repository/maven-group/org/apache/maven/reporting/maven-reporting-api/3.0/maven-reporting-api-3.0.pom (2.4 kB at 42 kB/s)&#xD;&#xA;[INFO] Downloading from nexus: http://nexus/repository/maven-group/org/apache/maven/shared/maven-shared-components/15/maven-shared-components-15.pom&#xD;&#xA;[INFO] Downloaded from nexus: http://nexus/repository/maven-group/org/apache/maven/shared/maven-shared-components/15/maven-shared-components-15.pom (9.3 kB at 128 kB/s)&#xD;&#xA;[INFO] Downloading from nexus: http://nexus/repository/maven-group/org/apache/maven/maven-parent/16/maven-parent-16.pom&#xD;&#xA;[INFO] Downloaded from nexus: http://nexus/repository/maven-group/org/apache/maven/maven-parent/16/maven-parent-16.pom (23 kB at 388 kB/s)&#xD;&#xA;[INFO] Downloading from nexus: http://nexus/repository/maven-group/org/apache/apache/7/apache-7.pom&#xD;&#xA;[INFO] Downloaded from nexus: http://nexus/repository/maven-group/org/apache/apache/7/apache-7.pom (14 kB at 225 kB/s)&#xD;&#xA;[INFO] Downloading from nexus: http://nexus/repository/maven-group/org/apache/maven/doxia/doxia-sink-api/1.0/doxia-sink-api-1.0.pom&#xD;&#xA;[INFO] Downloaded from nexus: http://nexus/repository/maven-group/org/apache/maven/doxia/doxia-sink-api/1.0/doxia-sink-api-1.0.pom (1.4 kB at 30 kB/s)&#xD;&#xA;[INFO] Downloading from nexus: http://nexus/repository/maven-group/org/apache/maven/doxia/doxia/1.0/doxia-1.0.pom&#xD;&#xA;[INFO] Downloaded from nexus: http://nexus/repository/maven-group/org/apache/maven/doxia/doxia/1.0/doxia-1.0.pom (9.6 kB at 132 kB/s)&#xD;&#xA;[INFO] Downloading from nexus: http://nexus/repository/maven-group/org/apache/maven/maven-parent/10/maven-parent-10.pom&#xD;&#xA;[INFO] Downloaded from nexus: http://nexus/repository/maven-group/org/apache/maven/maven-parent/10/maven-parent-10.pom (32 kB at 411 kB/s)&#xD;&#xA;[INFO] Downloading from nexus: http://nexus/repository/maven-group/org/apache/maven/reporting/maven-reporting-impl/3.0.0/maven-reporting-impl-3.0.0.pom&#xD;&#xA;[INFO] Downloaded from nexus: http://nexus/repository/maven-group/org/apache/maven/reporting/maven-reporting-impl/3.0.0/maven-reporting-impl-3.0.0.pom (7.6 kB at 127 kB/s)&#xD;&#xA;[INFO] Downloading from nexus: http://nexus/repository/maven-group/org/apache/maven/shared/maven-shared-components/30/maven-shared-components-30.pom&#xD;&#xA;[INFO] Downloaded from nexus: http://nexus/repository/maven-group/org/apache/maven/shared/maven-shared-components/30/maven-shared-components-30.pom (4.6 kB at 74 kB/s)&#xD;&#xA;[INFO] Downloading from nexus: http://nexus/repository/maven-group/org/apache/maven/maven-core/3.0/maven-core-3.0.pom&#xD;&#xA;[INFO] Downloaded from nexus: http://nexus/repository/maven-group/org/apache/maven/maven-core/3.0/maven-core-3.0.pom (6.6 kB at 102 kB/s)&#xD;&#xA;[INFO] Downloading from nexus: http://nexus/repository/maven-group/org/apache/maven/maven-settings/3.0/maven-settings-3.0.pom&#xD;&#xA;[INFO] Downloaded from nexus: http://nexus/repository/maven-group/org/apache/maven/maven-settings/3.0/maven-settings-3.0.pom (1.9 kB at 30 kB/s)&#xD;&#xA;[INFO] Downloading from nexus: http://nexus/repository/maven-group/org/apache/maven/maven-settings-builder/3.0/maven-settings-builder-3.0.pom&#xD;&#xA;[INFO] Downloaded from nexus: http://nexus/repository/maven-group/org/apache/maven/maven-settings-builder/3.0/maven-settings-builder-3.0.pom (2.2 kB at 43 kB/s)&#xD;&#xA;[INFO] Downloading from nexus: http://nexus/repository/maven-group/org/codehaus/plexus/plexus-interpolation/1.14/plexus-interpolation-1.14.pom&#xD;&#xA;[INFO] Downloaded from nexus: http://nexus/repository/maven-group/org/codehaus/plexus/plexus-interpolation/1.14/plexus-interpolation-1.14.pom (910 B at 16 kB/s)&#xD;&#xA;[INFO] Downloading from nexus: http://nexus/repository/maven-group/org/codehaus/plexus/plexus-components/1.1.18/plexus-components-1.1.18.pom&#xD;&#xA;[INFO] Downloaded from nexus: http://nexus/repository/maven-group/org/codehaus/plexus/plexus-components/1.1.18/plexus-components-1.1.18.pom (5.4 kB at 99 kB/s)&#xD;&#xA;[INFO] Downloading from nexus: http://nexus/repository/maven-group/org/codehaus/plexus/plexus/2.0.7/plexus-2.0.7.pom&#xD;&#xA;[INFO] Downloaded from nexus: http://nexus/repository/maven-group/org/codehaus/plexus/plexus/2.0.7/plexus-2.0.7.pom (17 kB at 303 kB/s)&#xD;&#xA;[INFO] Downloading from nexus: http://nexus/repository/maven-group/org/codehaus/plexus/plexus-component-annotations/1.5.5/plexus-component-annotations-1.5.5.pom&#xD;&#xA;[INFO] Downloaded from nexus: http://nexus/repository/maven-group/org/codehaus/plexus/plexus-component-annotations/1.5.5/plexus-component-annotations-1.5.5.pom (815 B at 16 kB/s)&#xD;&#xA;[INFO] Downloading from nexus: http://nexus/repository/maven-group/org/codehaus/plexus/plexus-containers/1.5.5/plexus-containers-1.5.5.pom&#xD;&#xA;[INFO] Downloaded from nexus: http://nexus/repository/maven-group/org/codehaus/plexus/plexus-containers/1.5.5/plexus-containers-1.5.5.pom (4.2 kB at 55 kB/s)&#xD;&#xA;[INFO] Downloading from nexus: http://nexus/repository/maven-group/org/apache/maven/maven-repository-metadata/3.0/maven-repository-metadata-3.0.pom&#xD;&#xA;[INFO] Downloaded from nexus: http://nexus/repository/maven-group/org/apache/maven/maven-repository-metadata/3.0/maven-repository-metadata-3.0.pom (1.9 kB at 28 kB/s)&#xD;&#xA;[INFO] Downloading from nexus: http://nexus/repository/maven-group/org/apache/maven/maven-model-builder/3.0/maven-model-builder-3.0.pom&#xD;&#xA;[INFO] Downloaded from nexus: http://nexus/repository/maven-group/org/apache/maven/maven-model-builder/3.0/maven-model-builder-3.0.pom (2.2 kB at 30 kB/s)&#xD;&#xA;[INFO] Downloading from nexus: http://nexus/repository/maven-group/org/apache/maven/maven-aether-provider/3.0/maven-aether-provider-3.0.pom&#xD;&#xA;[INFO] Downloaded from nexus: http://nexus/repository/maven-group/org/apache/maven/maven-aether-provider/3.0/maven-aether-provider-3.0.pom (2.5 kB at 45 kB/s)&#xD;&#xA;[INFO] Downloading from nexus: http://nexus/repository/maven-group/org/sonatype/aether/aether-api/1.7/aether-api-1.7.pom&#xD;&#xA;[INFO] Downloaded from nexus: http://nexus/repository/maven-group/org/sonatype/aether/aether-api/1.7/aether-api-1.7.pom (1.7 kB at 23 kB/s)&#xD;&#xA;[INFO] Downloading from nexus: http://nexus/repository/maven-group/org/sonatype/aether/aether-parent/1.7/aether-parent-1.7.pom&#xD;&#xA;[INFO] Downloaded from nexus: http://nexus/repository/maven-group/org/sonatype/aether/aether-parent/1.7/aether-parent-1.7.pom (7.7 kB at 136 kB/s)&#xD;&#xA;[INFO] Downloading from nexus: http://nexus/repository/maven-group/org/sonatype/aether/aether-util/1.7/aether-util-1.7.pom&#xD;&#xA;[INFO] Downloaded from nexus: http://nexus/repository/maven-group/org/sonatype/aether/aether-util/1.7/aether-util-1.7.pom (2.1 kB at 50 kB/s)&#xD;&#xA;[INFO] Downloading from nexus: http://nexus/repository/maven-group/org/sonatype/aether/aether-impl/1.7/aether-impl-1.7.pom&#xD;&#xA;[INFO] Downloaded from nexus: http://nexus/repository/maven-group/org/sonatype/aether/aether-impl/1.7/aether-impl-1.7.pom (3.7 kB at 48 kB/s)&#xD;&#xA;[INFO] Downloading from nexus: http://nexus/repository/maven-group/org/sonatype/aether/aether-spi/1.7/aether-spi-1.7.pom&#xD;&#xA;[INFO] Downloaded from nexus: http://nexus/repository/maven-group/org/sonatype/aether/aether-spi/1.7/aether-spi-1.7.pom (1.7 kB at 33 kB/s)&#xD;&#xA;[INFO] Downloading from nexus: http://nexus/repository/maven-group/org/apache/maven/shared/maven-shared-utils/3.2.0/maven-shared-utils-3.2.0.pom&#xD;&#xA;[INFO] Downloaded from nexus: http://nexus/repository/maven-group/org/apache/maven/shared/maven-shared-utils/3.2.0/maven-shared-utils-3.2.0.pom (4.9 kB at 100 kB/s)&#xD;&#xA;[INFO] Downloading from nexus: http://nexus/repository/maven-group/commons-io/commons-io/2.5/commons-io-2.5.pom&#xD;&#xA;[INFO] Downloaded from nexus: http://nexus/repository/maven-group/commons-io/commons-io/2.5/commons-io-2.5.pom (13 kB at 251 kB/s)&#xD;&#xA;[INFO] Downloading from nexus: http://nexus/repository/maven-group/org/apache/commons/commons-parent/39/commons-parent-39.pom&#xD;&#xA;[INFO] Downloaded from nexus: http://nexus/repository/maven-group/org/apache/commons/commons-parent/39/commons-parent-39.pom (62 kB at 953 kB/s)&#xD;&#xA;[INFO] Downloading from nexus: http://nexus/repository/maven-group/org/apache/maven/doxia/doxia-sink-api/1.7/doxia-sink-api-1.7.pom&#xD;&#xA;[INFO] Downloaded from nexus: http://nexus/repository/maven-group/org/apache/maven/doxia/doxia-sink-api/1.7/doxia-sink-api-1.7.pom (1.5 kB at 28 kB/s)&#xD;&#xA;[INFO] Downloading from nexus: http://nexus/repository/maven-group/org/apache/maven/doxia/doxia/1.7/doxia-1.7.pom&#xD;&#xA;[INFO] Downloaded from nexus: http://nexus/repository/maven-group/org/apache/maven/doxia/doxia/1.7/doxia-1.7.pom (15 kB at 305 kB/s)&#xD;&#xA;[INFO] Downloading from nexus: http://nexus/repository/maven-group/org/apache/maven/doxia/doxia-logging-api/1.7/doxia-logging-api-1.7.pom&#xD;&#xA;[INFO] Downloaded from nexus: http://nexus/repository/maven-group/org/apache/maven/doxia/doxia-logging-api/1.7/doxia-logging-api-1.7.pom (1.5 kB at 24 kB/s)&#xD;&#xA;[INFO] Downloading from nexus: http://nexus/repository/maven-group/org/apache/maven/doxia/doxia-decoration-model/1.7.4/doxia-decoration-model-1.7.4.pom&#xD;&#xA;[INFO] Downloaded from nexus: http://nexus/repository/maven-group/org/apache/maven/doxia/doxia-decoration-model/1.7.4/doxia-decoration-model-1.7.4.pom (3.4 kB at 55 kB/s)&#xD;&#xA;[INFO] Downloading from nexus: http://nexus/repository/maven-group/org/apache/maven/doxia/doxia-sitetools/1.7.4/doxia-sitetools-1.7.4.pom&#xD;&#xA;[INFO] Downloaded from nexus: http://nexus/repository/maven-group/org/apache/maven/doxia/doxia-sitetools/1.7.4/doxia-sitetools-1.7.4.pom (14 kB at 119 kB/s)&#xD;&#xA;[INFO] Downloading from nexus: http://nexus/repository/maven-group/org/codehaus/plexus/plexus-component-annotations/1.6/plexus-component-annotations-1.6.pom&#xD;&#xA;[INFO] Downloaded from nexus: http://nexus/repository/maven-group/org/codehaus/plexus/plexus-component-annotations/1.6/plexus-component-annotations-1.6.pom (748 B at 16 kB/s)&#xD;&#xA;[INFO] Downloading from nexus: http://nexus/repository/maven-group/org/codehaus/plexus/plexus-containers/1.6/plexus-containers-1.6.pom&#xD;&#xA;[INFO] Downloaded from nexus: http://nexus/repository/maven-group/org/codehaus/plexus/plexus-containers/1.6/plexus-containers-1.6.pom (3.8 kB at 65 kB/s)&#xD;&#xA;[INFO] Downloading from nexus: http://nexus/repository/maven-group/org/codehaus/plexus/plexus/3.3.2/plexus-3.3.2.pom&#xD;&#xA;[INFO] Downloaded from nexus: http://nexus/repository/maven-group/org/codehaus/plexus/plexus/3.3.2/plexus-3.3.2.pom (22 kB at 317 kB/s)&#xD;&#xA;[INFO] Downloading from nexus: http://nexus/repository/maven-group/org/sonatype/spice/spice-parent/17/spice-parent-17.pom&#xD;&#xA;[INFO] Downloaded from nexus: http://nexus/repository/maven-group/org/sonatype/spice/spice-parent/17/spice-parent-17.pom (6.8 kB at 106 kB/s)&#xD;&#xA;[INFO] Downloading from nexus: http://nexus/repository/maven-group/org/sonatype/forge/forge-parent/10/forge-parent-10.pom&#xD;&#xA;[INFO] Downloaded from nexus: http://nexus/repository/maven-group/org/sonatype/forge/forge-parent/10/forge-parent-10.pom (14 kB at 308 kB/s)&#xD;&#xA;[INFO] Downloading from nexus: http://nexus/repository/maven-group/org/codehaus/plexus/plexus-utils/3.0.22/plexus-utils-3.0.22.pom&#xD;&#xA;[INFO] Downloaded from nexus: http://nexus/repository/maven-group/org/codehaus/plexus/plexus-utils/3.0.22/plexus-utils-3.0.22.pom (3.8 kB at 59 kB/s)&#xD;&#xA;[INFO] Downloading from nexus: http://nexus/repository/maven-group/org/codehaus/plexus/plexus/3.3.1/plexus-3.3.1.pom&#xD;&#xA;[INFO] Downloaded from nexus: http://nexus/repository/maven-group/org/codehaus/plexus/plexus/3.3.1/plexus-3.3.1.pom (20 kB at 284 kB/s)&#xD;&#xA;[INFO] Downloading from nexus: http://nexus/repository/maven-group/org/apache/maven/doxia/doxia-core/1.7/doxia-core-1.7.pom&#xD;&#xA;[INFO] Downloaded from nexus: http://nexus/repository/maven-group/org/apache/maven/doxia/doxia-core/1.7/doxia-core-1.7.pom (4.1 kB at 64 kB/s)&#xD;&#xA;[INFO] Downloading from nexus: http://nexus/repository/maven-group/commons-lang/commons-lang/2.4/commons-lang-2.4.pom&#xD;&#xA;[INFO] Downloaded from nexus: http://nexus/repository/maven-group/commons-lang/commons-lang/2.4/commons-lang-2.4.pom (14 kB at 194 kB/s)&#xD;&#xA;[INFO] Downloading from nexus: http://nexus/repository/maven-group/org/apache/commons/commons-parent/9/commons-parent-9.pom&#xD;&#xA;[INFO] Downloaded from nexus: http://nexus/repository/maven-group/org/apache/commons/commons-parent/9/commons-parent-9.pom (22 kB at 292 kB/s)&#xD;&#xA;[INFO] Downloading from nexus: http://nexus/repository/maven-group/org/apache/httpcomponents/httpclient/4.0.2/httpclient-4.0.2.pom&#xD;&#xA;[INFO] Downloaded from nexus: http://nexus/repository/maven-group/org/apache/httpcomponents/httpclient/4.0.2/httpclient-4.0.2.pom (7.5 kB at 131 kB/s)&#xD;&#xA;[INFO] Downloading from nexus: http://nexus/repository/maven-group/org/apache/httpcomponents/httpcomponents-client/4.0.2/httpcomponents-client-4.0.2.pom&#xD;&#xA;[INFO] Downloaded from nexus: http://nexus
[...]
beta.jar (81 kB at 297 kB/s)&#xD;&#xA;[INFO] Downloaded from nexus: http://nexus/repository/maven-group/com/google/guava/guava/19.0/guava-19.0.jar (2.3 MB at 7.7 MB/s)&#xD;&#xA;[INFO] Replacing main artifact with repackaged archive&#xD;&#xA;[INFO] &#xD;&#xA;[INFO] --- maven-install-plugin:2.5.2:install (default-install) @ bdd-spring-1547895385 ---&#xD;&#xA;[INFO] Downloading from nexus: http://nexus/repository/maven-group/junit/junit/3.8.1/junit-3.8.1.pom&#xD;&#xA;[INFO] Downloaded from nexus: http://nexus/repository/maven-group/junit/junit/3.8.1/junit-3.8.1.pom (998 B at 91 kB/s)&#xD;&#xA;[INFO] Downloading from nexus: http://nexus/repository/maven-group/commons-codec/commons-codec/1.6/commons-codec-1.6.pom&#xD;&#xA;[INFO] Downloaded from nexus: http://nexus/repository/maven-group/commons-codec/commons-codec/1.6/commons-codec-1.6.pom (11 kB at 930 kB/s)&#xD;&#xA;[INFO] Downloading from nexus: http://nexus/repository/maven-group/org/apache/commons/commons-parent/22/commons-parent-22.pom&#xD;&#xA;[INFO] Downloaded from nexus: http://nexus/repository/maven-group/org/apache/commons/commons-parent/22/commons-parent-22.pom (42 kB at 932 kB/s)&#xD;&#xA;[INFO] Downloading from nexus: http://nexus/repository/maven-group/org/apache/maven/shared/maven-shared-utils/0.4/maven-shared-utils-0.4.pom&#xD;&#xA;[INFO] Downloaded from nexus: http://nexus/repository/maven-group/org/apache/maven/shared/maven-shared-utils/0.4/maven-shared-utils-0.4.pom (4.0 kB at 450 kB/s)&#xD;&#xA;[INFO] Downloading from nexus: http://nexus/repository/maven-group/org/codehaus/plexus/plexus-utils/3.0.15/plexus-utils-3.0.15.pom&#xD;&#xA;[INFO] Downloaded from nexus: http://nexus/repository/maven-group/org/codehaus/plexus/plexus-utils/3.0.15/plexus-utils-3.0.15.pom (3.1 kB at 315 kB/s)&#xD;&#xA;[INFO] Downloading from nexus: http://nexus/repository/maven-group/org/codehaus/plexus/plexus-container-default/1.0-alpha-9-stable-1/plexus-container-default-1.0-alpha-9-stable-1.jar&#xD;&#xA;[INFO] Downloading from nexus: http://nexus/repository/maven-group/classworlds/classworlds/1.1-alpha-2/classworlds-1.1-alpha-2.jar&#xD;&#xA;[INFO] Downloading from nexus: http://nexus/repository/maven-group/commons-codec/commons-codec/1.6/commons-codec-1.6.jar&#xD;&#xA;[INFO] Downloading from nexus: http://nexus/repository/maven-group/junit/junit/3.8.1/junit-3.8.1.jar&#xD;&#xA;[INFO] Downloading from nexus: http://nexus/repository/maven-group/org/apache/maven/shared/maven-shared-utils/0.4/maven-shared-utils-0.4.jar&#xD;&#xA;[INFO] Downloaded from nexus: http://nexus/repository/maven-group/org/codehaus/plexus/plexus-container-default/1.0-alpha-9-stable-1/plexus-container-default-1.0-alpha-9-stable-1.jar (194 kB at 4.0 MB/s)&#xD;&#xA;[INFO] Downloading from nexus: http://nexus/repository/maven-group/org/codehaus/plexus/plexus-utils/3.0.15/plexus-utils-3.0.15.jar&#xD;&#xA;[INFO] Downloaded from nexus: http://nexus/repository/maven-group/classworlds/classworlds/1.1-alpha-2/classworlds-1.1-alpha-2.jar (38 kB at 721 kB/s)&#xD;&#xA;[INFO] Downloaded from nexus: http://nexus/repository/maven-group/junit/junit/3.8.1/junit-3.8.1.jar (121 kB at 2.2 MB/s)&#xD;&#xA;[INFO] Downloaded from nexus: http://nexus/repository/maven-group/org/apache/maven/shared/maven-shared-utils/0.4/maven-shared-utils-0.4.jar (155 kB at 2.7 MB/s)&#xD;&#xA;[INFO] Downloaded from nexus: http://nexus/repository/maven-group/commons-codec/commons-codec/1.6/commons-codec-1.6.jar (233 kB at 3.9 MB/s)&#xD;&#xA;[INFO] Downloaded from nexus: http://nexus/repository/maven-group/org/codehaus/plexus/plexus-utils/3.0.15/plexus-utils-3.0.15.jar (239 kB at 3.5 MB/s)&#xD;&#xA;[INFO] Installing /home/jenkins/workspace/tests_bdd-spring-1547895385_PR-1/target/bdd-spring-1547895385-0.0.0-SNAPSHOT-PR-1-1.jar to /root/.mvnrepository/com/example/bdd-spring-1547895385/0.0.0-SNAPSHOT-PR-1-1/bdd-spring-1547895385-0.0.0-SNAPSHOT-PR-1-1.jar&#xD;&#xA;[INFO] Installing /home/jenkins/workspace/tests_bdd-spring-1547895385_PR-1/pom.xml to /root/.mvnrepository/com/example/bdd-spring-1547895385/0.0.0-SNAPSHOT-PR-1-1/bdd-spring-1547895385-0.0.0-SNAPSHOT-PR-1-1.pom&#xD;&#xA;[INFO] ------------------------------------------------------------------------&#xD;&#xA;[INFO] BUILD SUCCESS&#xD;&#xA;[INFO] ------------------------------------------------------------------------&#xD;&#xA;[INFO] Total time: 39.708 s&#xD;&#xA;[INFO] Finished at: 2019-01-19T11:08:01Z&#xD;&#xA;[INFO] ------------------------------------------------------------------------&#xD;&#xA;[Pipeline] sh&#xD;&#xA;+ export VERSION=0.0.0-SNAPSHOT-PR-1-1&#xD;&#xA;+ VERSION=0.0.0-SNAPSHOT-PR-1-1&#xD;&#xA;+ skaffold build -f skaffold.yaml&#xD;&#xA;Starting build...&#xD;&#xA;Building [changeme]...&#xD;&#xA;Sending build context to Docker daemon  528.4kB&#xD;Sending build context to Docker daemon  10.56MB&#xD;Sending build context to Docker daemon  18.19MB&#xD;&#xD;&#xA;Step 1/8 : FROM openjdk:8-jdk-slim&#xD;&#xA;8-jdk-slim: Pulling from library/openjdk&#xD;&#xA;177e7ef0df69: Pulling fs layer&#xD;&#xA;762c9dfbe1b5: Pulling fs layer&#xD;&#xA;32a6ba080cc2: Pulling fs layer&#xD;&#xA;2b48b92f71dd: Pulling fs layer&#xD;&#xA;5de8c3758244: Pulling fs layer&#xD;&#xA;2b48b92f71dd: Waiting&#xD;&#xA;5de8c3758244: Waiting&#xD;&#xA;32a6ba080cc2: Verifying Checksum&#xD;&#xA;32a6ba080cc2: Download complete&#xD;&#xA;762c9dfbe1b5: Verifying Checksum&#xD;&#xA;762c9dfbe1b5: Download complete&#xD;&#xA;177e7ef0df69: Verifying Checksum&#xD;&#xA;177e7ef0df69: Download complete&#xD;&#xA;2b48b92f71dd: Verifying Checksum&#xD;&#xA;2b48b92f71dd: Download complete&#xD;&#xA;177e7ef0df69: Pull complete&#xD;&#xA;762c9dfbe1b5: Pull complete&#xD;&#xA;32a6ba080cc2: Pull complete&#xD;&#xA;2b48b92f71dd: Pull complete&#xD;&#xA;5de8c3758244: Verifying Checksum&#xD;&#xA;5de8c3758244: Download complete&#xD;&#xA;5de8c3758244: Pull complete&#xD;&#xA;Digest: sha256:0dfac9774638b908628fc2b876c9234b35cf8e6a9750708558c2a3b5bf8dcc1a&#xD;&#xA;Status: Downloaded newer image for openjdk:8-jdk-slim&#xD;&#xA; ---&gt; c088942b2c41&#xD;&#xA;Step 2/8 : ENV PORT 8080&#xD;&#xA; ---&gt; Running in d9ffcffc19e9&#xD;&#xA; ---&gt; 8d307ff1a5b9&#xD;&#xA;Step 3/8 : ENV CLASSPATH /opt/lib&#xD;&#xA; ---&gt; Running in 2b72f0051fc8&#xD;&#xA; ---&gt; e4f75ce5f3d3&#xD;&#xA;Step 4/8 : EXPOSE 8080&#xD;&#xA; ---&gt; Running in 828506ee337d&#xD;&#xA; ---&gt; 58e511926b44&#xD;&#xA;Step 5/8 : COPY pom.xml target/lib* /opt/lib/&#xD;&#xA; ---&gt; 8ba886dcf6cb&#xD;&#xA;Step 6/8 : COPY target/*.jar /opt/app.jar&#xD;&#xA; ---&gt; a9c7e74da61d&#xD;&#xA;Step 7/8 : WORKDIR /opt&#xD;&#xA; ---&gt; 8911bd1a8738&#xD;&#xA;Step 8/8 : CMD java -jar app.jar&#xD;&#xA; ---&gt; Running in fbf259138bd7&#xD;&#xA; ---&gt; 9768fa4a506a&#xD;&#xA;Successfully built 9768fa4a506a&#xD;&#xA;The push refers to a repository [10.67.240.107:5000/jenkins-x-tests/bdd-spring-1547895385]&#xD;&#xA;5958f06088ca: Preparing&#xD;&#xA;e506c1992bf5: Preparing&#xD;&#xA;31dbf282e74e: Preparing&#xD;&#xA;09f15d699241: Preparing&#xD;&#xA;01c0163977b5: Preparing&#xD;&#xA;d4a1eb055c1f: Preparing&#xD;&#xA;7b4e562e58dc: Preparing&#xD;&#xA;d4a1eb055c1f: Waiting&#xD;&#xA;7b4e562e58dc: Waiting&#xD;&#xA;31dbf282e74e: Layer already exists&#xD;&#xA;01c0163977b5: Pushed&#xD;&#xA;09f15d699241: Pushed&#xD;&#xA;7b4e562e58dc: Layer already exists&#xD;&#xA;e506c1992bf5: Pushed&#xD;&#xA;d4a1eb055c1f: Pushed&#xD;&#xA;5958f06088ca: Pushed&#xD;&#xA;0.0.0-SNAPSHOT-PR-1-1: digest: sha256:bae9067353ffbeef97651315ac32b61dcd748d613850918d43664868b430fd11 size: 1784&#xD;&#xA;Build complete in 15.399009413s&#xD;&#xA;Starting test...&#xD;&#xA;Test complete in 5.058µs&#xD;&#xA;changeme -&gt; 10.67.240.107:5000/jenkins-x-tests/bdd-spring-1547895385:0.0.0-SNAPSHOT-PR-1-1&#xD;&#xA;[Pipeline] sh&#xD;&#xA;+ jx step post build --image 10.67.240.107:5000/jenkins-x-tests/bdd-spring-1547895385:0.0.0-SNAPSHOT-PR-1-1&#xD;&#xA;[Pipeline] dir&#xD;&#xA;Running in /home/jenkins/workspace/tests_bdd-spring-1547895385_PR-1/charts/preview&#xD;&#xA;[Pipeline] {&#xD;&#xA;[Pipeline] sh&#xD;&#xA;+ make preview&#xD;&#xA;sed -i -e &#34;s/version:.*/version: 0.0.0-SNAPSHOT-PR-1-1/&#34; Chart.yaml&#xD;&#xA;sed -i -e &#34;s/version:.*/version: 0.0.0-SNAPSHOT-PR-1-1/&#34; ../*/Chart.yaml&#xD;&#xA;sed -i -e &#34;s|repository:.*|repository: 10.67.240.107:5000\/jenkins-x-tests\/bdd-spring-1547895385|&#34; values.yaml&#xD;&#xA;sed -i -e &#34;s/tag:.*/tag: 0.0.0-SNAPSHOT-PR-1-1/&#34; values.yaml&#xD;&#xA;echo &#34;  version: 0.0.0-SNAPSHOT-PR-1-1&#34; &gt;&gt; requirements.yaml&#xD;&#xA;jx step helm build&#xD;&#xA;No $CHART_REPOSITORY defined so using the default value of: http://jenkins-x-chartmuseum:8080&#xD;&#xA;Adding missing Helm repo: jenkins-x http://chartmuseum.jenkins-x.io&#xD;&#xA;Successfully added Helm repository jenkins-x.&#xD;&#xA;Adding missing Helm repo: releases http://jenkins-x-chartmuseum:8080&#xD;&#xA;Successfully added Helm repository releases.&#xD;&#xA;[Pipeline] sh&#xD;&#xA;+ jx preview --app bdd-spring-1547895385 --dir ../..&#xD;&#xA;Creating a preview&#xD;&#xA;No author for commit: 8c3ef36d48691f014e335db17714462adb410988&#xD;&#xA;PullRequest author email is empty&#xD;&#xA;Created environment jenkins-x-tests-bdd-spring-1547895385-pr-1&#xD;&#xA;Namespace jx-jenkins-x-tests-bdd-spring-1547895385-pr-1 created &#xD;&#xA; expose:&#xD;&#xA;  Annotations:&#xD;&#xA;    helm.sh/hook: post-install,post-upgrade&#xD;&#xA;    helm.sh/hook-delete-policy: hook-succeeded&#xD;&#xA;  config:&#xD;&#xA;    domain: 146.148.19.5.nip.io&#xD;&#xA;    exposer: Ingress&#xD;&#xA;    http: &#34;true&#34;&#xD;&#xA;preview:&#xD;&#xA;  image:&#xD;&#xA;    repository: 10.67.240.107:5000/jenkins-x-tests/bdd-spring-1547895385&#xD;&#xA;    tag: 0.0.0-SNAPSHOT-PR-1-1&#xD;&#xA;Applying generated chart . YAML via kubectl in dir: /tmp/helm-template-workdir-881636690/preview/output&#xD;&#xA;role.rbac.authorization.k8s.io/cleanup created&#xD;&#xA;rolebinding.rbac.authorization.k8s.io/cleanup created&#xD;&#xA;serviceaccount/cleanup created&#xD;&#xA;configmap/exposecontroller created&#xD;&#xA;role.rbac.authorization.k8s.io/expose created&#xD;&#xA;rolebinding.rbac.authorization.k8s.io/expose created&#xD;&#xA;serviceaccount/expose created&#xD;&#xA;deployment.extensions/preview-preview created&#xD;&#xA;service/bdd-spring-1547895385 created&#xD;&#xA;Applying Helm hook post-upgrade YAML via kubectl in file: /tmp/helm-template-workdir-881636690/preview/helmHooks/preview/charts/expose/templates/job.yaml&#xD;&#xA;job.batch/expose created&#xD;&#xA;Waiting for helm post-upgrade hook Job expose to complete before removing it&#xD;&#xA;Deleting helm hook sources from file: /tmp/helm-template-workdir-881636690/preview/helmHooks/preview/charts/expose/templates/job.yaml&#xD;&#xA;job.batch &#34;expose&#34; deleted&#xD;&#xA;Removing Kubernetes resources from older releases using selector: jenkins.io/chart-release=preview,jenkins.io/version!=0.0.0-SNAPSHOT-PR-1-1&#xD;&#xA;Updating PipelineActivities jenkins-x-tests-bdd-spring-1547895385-pr-1-1 which has status Running&#xD;&#xA;Preview application is now available at: http://bdd-spring-1547895385.jx-jenkins-x-tests-bdd-spring-1547895385-pr-1.146.148.19.5.nip.io&#xD;&#xA;&#xD;&#xA;[Pipeline] }&#xD;&#xA;[Pipeline] // dir&#xD;&#xA;[Pipeline] }&#xD;&#xA;[Pipeline] // container&#xD;&#xA;[Pipeline] }&#xD;&#xA;[Pipeline] // withEnv&#xD;&#xA;[Pipeline] }&#xD;&#xA;[Pipeline] // stage&#xD;&#xA;[Pipeline] stage&#xD;&#xA;[Pipeline] { (Build Release)&#xD;&#xA;Stage &#34;Build Release&#34; skipped due to when conditional&#xD;&#xA;[Pipeline] }&#xD;&#xA;[Pipeline] // stage&#xD;&#xA;[Pipeline] stage&#xD;&#xA;[Pipeline] { (Promote to Environments)&#xD;&#xA;Stage &#34;Promote to Environments&#34; skipped due to when conditional&#xD;&#xA;[Pipeline] }&#xD;&#xA;[Pipeline] // stage&#xD;&#xA;[Pipeline] stage&#xD;&#xA;[Pipeline] { (Declarative: Post Actions)&#xD;&#xA;[Pipeline] cleanWs&#xD;&#xA;[WS-CLEANUP] Deleting project workspace...&#xD;&#xA;[WS-CLEANUP] Deferred wipeout is used...&#xD;&#xA;[WS-CLEANUP] done&#xD;&#xA;[Pipeline] }&#xD;&#xA;[Pipeline] // stage&#xD;&#xA;[Pipeline] }&#xD;&#xA;[Pipeline] // withEnv&#xD;&#xA;[Pipeline] }&#xD;&#xA;[Pipeline] // withCredentials&#xD;&#xA;[Pipeline] }&#xD;&#xA;[Pipeline] // withEnv&#xD;&#xA;[Pipeline] }&#xD;&#xA;[Pipeline] // node&#xD;&#xA;[Pipeline] End of Pipeline&#xD;&#xA;&#xD;&#xA;GitHub has been notified of this commit’s build result&#xD;&#xA;&#xD;&#xA;      Verifying we have a Preview Environment...&#xA;      Running Preview Environment application at: �[32mhttp://bdd-spring-1547895385.jx-jenkins-x-tests-bdd-spring-1547895385-pr-1.146.148.19.5.nip.io�[0m&#xA;      Invoked �[32mhttp://bdd-spring-1547895385.jx-jenkins-x-tests-bdd-spring-1547895385-pr-1.146.148.19.5.nip.io�[0m and got return code: �[32m503�[0m&#xA;      Invoked �[32mhttp://bdd-spring-1547895385.jx-jenkins-x-tests-bdd-spring-1547895385-pr-1.146.148.19.5.nip.io�[0m and got return code: �[32m404�[0m&#xA;�[1mSTEP�[0m: deletes the app&#xA;Error: unknown shorthand flag: &#39;b&#39; in -b&#xA;&#xA;&#xA;Examples:&#xA;  # Delete an environment&#xA;  jx delete env staging&#xA;Available Commands:&#xA;  delete addon              Deletes one or more addons&#xA;  delete application        Deletes one or more applications from Jenkins&#xA;  delete aws                Deletes given AWS VPC and resources associated with it (like elastic load balancers or subnets)&#xA;  delete branch             Deletes one or more branches in git repositories&#xA;  delete chat               Deletes one or more chat services resources&#xA;  delete contexts           Deletes one or more Kubernetes contexts&#xA;  delete devpod             Deletes one or more DevPods&#xA;  delete eks                Deletes EKS cluster.&#xA;  delete environment        Deletes one or more Environments&#xA;  delete extension          Deletes one or more extensions&#xA;  delete git                Deletes one or more Git resources&#xA;  delete jenkins            Deletes one or more Jenkins resources&#xA;  delete namespace          Deletes one or more namespaces and their associated resources (Environments, Jenkins etc)&#xA;  delete post               Create a job which is triggered after a Preview is created&#xA;  delete preview            Deletes a preview environment&#xA;  delete quickstartlocation Deletes one or more quickstart locations for your team&#xA;  delete repo               Deletes one or more Git repositories&#xA;  delete team               Deletes one or more teams and their associated resources (Environments, Jenkins etc)&#xA;  delete token              Deletes one or more issue token resources&#xA;  delete tracker            Deletes one or more issue tracker resources&#xA;  delete user               Deletes one or more users&#xA;  delete vault              Deletes a Vault&#xA;&#xA;Locally Available Commands:&#xA;  release version           /Users/jstrachan/bin/jx-release-version (from plugin)&#xA;&#xA;Usage:&#xA;  jx delete TYPE [flags] [options]&#xA;Use &#34;jx &lt;command&gt; --help&#34; for more information about a given command.&#xA;Use &#34;jx options&#34; for a list of global command-line options (applies to all commands).&#xA;&#xA;</system-out>
      </testcase>
      <testcase name="quickstart angular-io-quickstart Creates an app" classname="BddJx Suite" time="0">
          <skipped></skipped>
      </testcase>
      <testcase name="quickstart scala-akka-http-quickstart&#xA; Given valid parameters when operating on the quickstart creates a scala-akka-http-quickstart quickstart and promotes it to staging&#xA;" classname="BddJx Suite" time="0">
          <skipped></skipped>
      </testcase>
      <testcase name="quickstart scala-akka-http-quickstart&#xA; Given invalid parameters when -p param (project name) is missing exits with signal 1&#xA;" classname="BddJx Suite" time="0">
          <skipped></skipped>
      </testcase>
      <testcase name="quickstart scala-akka-http-quickstart&#xA; Given invalid parameters when -f param (filter) does not match any quickstart exits with signal 1&#xA;" classname="BddJx Suite" time="0">
          <skipped></skipped>
      </testcase>
      <testcase name="quickstart android-quickstart Creates an app" classname="BddJx Suite" time="0">
          <skipped></skipped>
      </testcase>
      <testcase name="quickstart react-quickstart&#xA; Given valid parameters when operating on the quickstart creates a react-quickstart quickstart and promotes it to staging&#xA;" classname="BddJx Suite" time="0">
          <skipped></skipped>
      </testcase>
      <testcase name="quickstart react-quickstart&#xA; Given invalid parameters when -p param (project name) is missing exits with signal 1&#xA;" classname="BddJx Suite" time="0">
          <skipped></skipped>
      </testcase>
      <testcase name="quickstart react-quickstart&#xA; Given invalid parameters when -f param (filter) does not match any quickstart exits with signal 1&#xA;" classname="BddJx Suite" time="0">
          <skipped></skipped>
      </testcase>
      <testcase name="import&#xA; Given valid parameters when running import creates an app from the specified folder and promotes it to staging&#xA;" classname="BddJx Suite" time="0">
          <skipped></skipped>
      </testcase>
      <testcase name="quickstart open-liberty Creates an app" classname="BddJx Suite" time="0">
          <skipped></skipped>
      </testcase>
      <testcase name="quickstart vertx-rest-prometheus Creates an app" classname="BddJx Suite" time="0">
          <skipped></skipped>
      </testcase>
      <testcase name="quickstart rails-shopping-cart&#xA; Given valid parameters when operating on the quickstart creates a rails-shopping-cart quickstart and promotes it to staging&#xA;" classname="BddJx Suite" time="0">
          <skipped></skipped>
      </testcase>
      <testcase name="quickstart rails-shopping-cart&#xA; Given invalid parameters when -p param (project name) is missing exits with signal 1&#xA;" classname="BddJx Suite" time="0">
          <skipped></skipped>
      </testcase>
      <testcase name="quickstart rails-shopping-cart&#xA; Given invalid parameters when -f param (filter) does not match any quickstart exits with signal 1&#xA;" classname="BddJx Suite" time="0">
          <skipped></skipped>
      </testcase>
      <testcase name="quickstart spring-boot-rest-prometheus Creates an app" classname="BddJx Suite" time="0">
          <skipped></skipped>
      </testcase>
      <testcase name="quickstart node-http&#xA; Given valid parameters when operating on the quickstart creates a node-http quickstart and promotes it to staging&#xA;" classname="BddJx Suite" time="0">
          <skipped></skipped>
      </testcase>
      <testcase name="quickstart node-http&#xA; Given invalid parameters when -p param (project name) is missing exits with signal 1&#xA;" classname="BddJx Suite" time="0">
          <skipped></skipped>
      </testcase>
      <testcase name="quickstart node-http&#xA; Given invalid parameters when -f param (filter) does not match any quickstart exits with signal 1&#xA;" classname="BddJx Suite" time="0">
          <skipped></skipped>
      </testcase>
      <testcase name="quickstart spring-boot-http-gradle Creates an app" classname="BddJx Suite" time="0">
          <skipped></skipped>
      </testcase>
      <testcase name="quickstart spring-boot-web&#xA; Given valid parameters when operating on the quickstart creates a spring-boot-web quickstart and promotes it to staging&#xA;" classname="BddJx Suite" time="0">
          <skipped></skipped>
      </testcase>
      <testcase name="quickstart spring-boot-web&#xA; Given invalid parameters when -p param (project name) is missing exits with signal 1&#xA;" classname="BddJx Suite" time="0">
          <skipped></skipped>
      </testcase>
      <testcase name="quickstart spring-boot-web&#xA; Given invalid parameters when -f param (filter) does not match any quickstart exits with signal 1&#xA;" classname="BddJx Suite" time="0">
          <skipped></skipped>
      </testcase>
  </testsuite>